[2025-08-19 08:48:09] INFO: El cliente          1 realizo la accion → null
[2025-08-19 08:48:11] Info: Pedido 194 verificadas existencias correctamente → []
[2025-08-19 08:48:11] Info: Pedido 194 verificadas existencias correctamente → [{"producto":"PROD01","existencias":220,"apartados":23,"disponible":197}]
[2025-08-19 08:48:11] Info: Pedido 194 verificadas existencias correctamente → [{"producto":"PROD01","existencias":220,"apartados":23,"disponible":197},{"producto":"PRODUCTO03","existencias":40,"apartados":11,"disponible":29}]
[2025-08-19 08:48:11] INFO: El pedido 194 cuenta con las existencias necesarias → null
[2025-08-19 08:48:11] INFO: El cliente          1 maneja credico → null
[2025-08-19 08:48:13] Succes: Comanda Creada→ null
[2025-08-19 09:28:29] INFO: El cliente          1 realizo la accion → null
[2025-08-19 09:28:31] Info: Pedido 194 verificadas existencias correctamente → []
[2025-08-19 09:28:31] Info: Pedido 194 verificadas existencias correctamente → [{"producto":"PROD01","existencias":216,"apartados":19,"disponible":197}]
[2025-08-19 09:28:31] Info: Pedido 194 verificadas existencias correctamente → [{"producto":"PROD01","existencias":216,"apartados":19,"disponible":197},{"producto":"PRODUCTO03","existencias":36,"apartados":7,"disponible":29}]
[2025-08-19 09:28:31] INFO: El pedido 194 cuenta con las existencias necesarias → null
[2025-08-19 09:28:31] INFO: El cliente          1 maneja credico → null
[2025-08-19 09:28:32] Succes: Comanda Creada→ null
[2025-08-20 10:17:40] INFO: El cliente  realizo la accion → null
[2025-08-20 10:17:42] Advertencia: Pedido: 206 Rechazado → null
[2025-08-20 10:17:43] Advertencia: Se le notifico al vendedor sobre el pedido 206 → null
[2025-08-20 10:19:49] INFO: El cliente  realizo la accion → null
[2025-08-20 10:19:51] Advertencia: El cliente:  rechazo un pedido previamente rechazado → null
[2025-08-20 10:21:04] INFO: El cliente  realizo la accion → null
[2025-08-20 10:21:06] Advertencia: El cliente:  rechazo un pedido previamente rechazado → null
[2025-08-20 10:25:14] INFO: El cliente  realizo la accion → null
[2025-08-20 10:25:16] Advertencia: El cliente:  rechazo un pedido previamente rechazado → null
[2025-08-20 10:27:52] INFO: El cliente  realizo la accion → null
[2025-08-20 10:27:53] Advertencia: El cliente:  rechazo un pedido previamente rechazado → null
[2025-08-20 10:28:22] INFO: El cliente          3 realizo la accion → null
[2025-08-20 10:28:24] Advertencia: El cliente:          3 acepto un pedido rechazado → null
[2025-08-20 10:30:00] INFO: El cliente          3 realizo la accion → null
[2025-08-20 10:30:02] Advertencia: El cliente:          3 acepto un pedido rechazado → null
[2025-08-20 10:41:19] INFO: El cliente          3 realizo la accion → null
[2025-08-20 10:41:21] Info: Pedido 207 verificadas existencias correctamente → []
[2025-08-20 10:41:21] INFO: El pedido 207 cuenta con las existencias necesarias → null
[2025-08-20 10:41:21] INFO: El cliente          3 maneja credico → null
[2025-08-20 10:41:22] Succes: Comanda Creada→ null
[2025-08-20 10:43:27] INFO: El cliente          3 realizo la accion → null
[2025-08-20 10:43:28] Advertencia: Confirmacion Repetida de  207 → null
[2025-08-20 10:44:54] INFO: El cliente          2 realizo la accion → null
[2025-08-20 10:44:56] Advertencia: Pedido 208 sin existencias → []
[2025-08-20 10:45:09] INFO: El cliente          2 realizo la accion → null
[2025-08-20 10:45:11] Advertencia: Pedido 208 sin existencias → []
[2025-08-20 10:45:26] INFO: El cliente          2 realizo la accion → null
[2025-08-20 10:45:28] Advertencia: Pedido 208 sin existencias → []
[2025-08-20 10:51:28] INFO: El cliente          2 realizo la accion → null
[2025-08-20 10:51:31] Advertencia: Pedido 208 sin existencias → []
[2025-08-20 10:51:32] Advertencia: Pedido:  sin existencias → null
[2025-08-20 10:52:47] INFO: El cliente          2 realizo la accion → null
[2025-08-20 10:52:49] Advertencia: Pedido 208 sin existencias → []
[2025-08-20 10:52:49] Advertencia: Pedido: 208 sin existencias → null
[2025-08-20 20:29:05] INFO: El cliente          3 realizo la accion → null
[2025-08-20 20:29:07] Advertencia: El cliente:          3 acepto un pedido rechazado → null
[2025-08-20 20:29:42] INFO: El cliente          3 realizo la accion → null
[2025-08-20 20:37:18] INFO: El cliente          3 realizo la accion → null
[2025-08-20 20:37:21] Advertencia: Pedido 206 sin existencias → []
[2025-08-20 20:45:41] INFO: El cliente          3 realizo la accion → null
[2025-08-20 20:45:43] Advertencia: Pedido 206 sin existencias → []
[2025-08-20 20:46:19] INFO: El cliente          3 realizo la accion → null
[2025-08-20 20:46:21] Advertencia: Pedido 206 sin existencias → []
[2025-08-20 20:47:59] INFO: El cliente          3 realizo la accion → null
[2025-08-20 20:48:02] Advertencia: Pedido 206 sin existencias → []
[2025-08-20 20:49:07] INFO: El cliente          3 realizo la accion → null
[2025-08-20 20:49:09] Advertencia: Pedido 206 sin existencias → []
[2025-08-20 20:51:04] INFO: El cliente          3 realizo la accion → null
[2025-08-20 20:51:07] Advertencia: Pedido 206 sin existencias → []
[2025-08-20 20:51:25] INFO: El cliente          3 realizo la accion → null
[2025-08-20 20:51:27] Advertencia: Pedido 206 sin existencias → []
[2025-08-20 20:53:19] INFO: El cliente          3 realizo la accion → null
[2025-08-20 20:53:21] Advertencia: Pedido 206 sin existencias → []
[2025-08-20 20:55:08] INFO: El cliente          3 realizo la accion → null
[2025-08-20 20:55:11] Advertencia: Pedido 206 sin existencias → []
[2025-08-20 20:56:38] INFO: El cliente          3 realizo la accion → null
[2025-08-20 20:56:40] Advertencia: Pedido 206 sin existencias → []
[2025-08-26 09:19:44] INFO: El cliente          3 realizo la accion → null
[2025-08-26 09:19:46] Info: Pedido 211 211 verificadas existencias correctamente → []
[2025-08-26 09:19:46] INFO: El pedido 211 cuenta con las existencias necesarias → null
[2025-08-26 09:19:46] INFO: El cliente          3 maneja credico → null
[2025-08-26 09:19:47] Succes: Comanda Creada→ null
[2025-09-04 15:08:56] INFO: El cliente        879 realizo la accion → null
[2025-09-04 15:08:59] Info: Pedido 19141 19141 verificadas existencias correctamente → []
[2025-09-04 15:08:59] INFO: El pedido 19141 cuenta con las existencias necesarias → null
[2025-09-04 15:08:59] INFO: El cliente        879 maneja credico → null
[2025-09-04 15:09:00] Succes: Comanda Creada→ null
[2025-09-30 09:18:34] INFO: El cliente        881 realizo la accion → null
[2025-09-30 09:18:34] Info: Pedido 19685 19685 verificadas existencias correctamente → []
[2025-09-30 09:18:34] INFO: El pedido 19685 cuenta con las existencias necesarias → null
[2025-09-30 09:18:34] Succes: Se encontro datos de pago → null
[2025-09-30 09:18:34] Succes: dato encontrado → null
[2025-09-30 10:33:25] INFO: El cliente        413 realizo la accion → null
[2025-09-30 10:33:25] Info: Pedido 19689 19689 verificadas existencias correctamente → []
[2025-09-30 10:33:25] Info: Pedido 19689 19689 verificadas existencias correctamente → [{"producto":"JD3-2325","existencias":1091,"apartados":20,"disponible":1071}]
[2025-09-30 10:33:25] Info: Pedido 19689 19689 verificadas existencias correctamente → [{"producto":"JD3-2325","existencias":1091,"apartados":20,"disponible":1071},{"producto":"JD3-2032","existencias":576,"apartados":0,"disponible":576}]
[2025-09-30 10:33:25] Info: Pedido 19689 19689 verificadas existencias correctamente → [{"producto":"JD3-2325","existencias":1091,"apartados":20,"disponible":1071},{"producto":"JD3-2032","existencias":576,"apartados":0,"disponible":576},{"producto":"JD3-2132","existencias":1236,"apartados":0,"disponible":1236}]
[2025-09-30 10:33:25] Info: Pedido 19689 19689 verificadas existencias correctamente → [{"producto":"JD3-2325","existencias":1091,"apartados":20,"disponible":1071},{"producto":"JD3-2032","existencias":576,"apartados":0,"disponible":576},{"producto":"JD3-2132","existencias":1236,"apartados":0,"disponible":1236},{"producto":"JD3-2516","existencias":472,"apartados":0,"disponible":472}]
[2025-09-30 10:33:25] Info: Pedido 19689 19689 verificadas existencias correctamente → [{"producto":"JD3-2325","existencias":1091,"apartados":20,"disponible":1071},{"producto":"JD3-2032","existencias":576,"apartados":0,"disponible":576},{"producto":"JD3-2132","existencias":1236,"apartados":0,"disponible":1236},{"producto":"JD3-2516","existencias":472,"apartados":0,"disponible":472},{"producto":"JD5-2132","existencias":1108,"apartados":25,"disponible":1083}]
[2025-09-30 10:33:25] INFO: El pedido 19689 cuenta con las existencias necesarias → null
[2025-09-30 10:33:25] INFO: El cliente        413 maneja credico → null
[2025-09-30 10:33:25] Succes: Comanda Creada→ null
[2025-09-30 10:44:41] INFO: El cliente        413 realizo la accion → null
[2025-09-30 10:44:41] Advertencia: Confirmacion Repetida de  19689 → null
[2025-09-30 11:09:34] INFO: El cliente        574 realizo la accion → null
[2025-09-30 11:09:34] Info: Pedido 19684 19684 verificadas existencias correctamente → []
[2025-09-30 11:09:34] Info: Pedido 19684 19684 verificadas existencias correctamente → [{"producto":"GP","existencias":89,"apartados":0,"disponible":89}]
[2025-09-30 11:09:34] Info: Pedido 19684 19684 verificadas existencias correctamente → [{"producto":"GP","existencias":89,"apartados":0,"disponible":89},{"producto":"AD-1838","existencias":227,"apartados":170,"disponible":57}]
[2025-09-30 11:09:34] Info: Pedido 19684 19684 verificadas existencias correctamente → [{"producto":"GP","existencias":89,"apartados":0,"disponible":89},{"producto":"AD-1838","existencias":227,"apartados":170,"disponible":57},{"producto":"AD-2032","existencias":838,"apartados":0,"disponible":838}]
[2025-09-30 11:09:34] INFO: El pedido 19684 cuenta con las existencias necesarias → null
[2025-09-30 11:09:34] INFO: El cliente        574 maneja credico → null
[2025-09-30 11:09:34] Succes: Comanda Creada→ null
[2025-09-30 11:19:38] INFO: El cliente        334 realizo la accion → null
[2025-09-30 11:19:38] Info: Pedido 19680 19680 verificadas existencias correctamente → []
[2025-09-30 11:19:38] Info: Pedido 19680 19680 verificadas existencias correctamente → [{"producto":"JD1-2713","existencias":1014,"apartados":0,"disponible":1014}]
[2025-09-30 11:19:38] Info: Pedido 19680 19680 verificadas existencias correctamente → [{"producto":"JD1-2713","existencias":1014,"apartados":0,"disponible":1014},{"producto":"JD3","existencias":41,"apartados":0,"disponible":41}]
[2025-09-30 11:19:38] Info: Pedido 19680 19680 verificadas existencias correctamente → [{"producto":"JD1-2713","existencias":1014,"apartados":0,"disponible":1014},{"producto":"JD3","existencias":41,"apartados":0,"disponible":41},{"producto":"JD5-2032","existencias":176,"apartados":0,"disponible":176}]
[2025-09-30 11:19:38] Info: Pedido 19680 19680 verificadas existencias correctamente → [{"producto":"JD1-2713","existencias":1014,"apartados":0,"disponible":1014},{"producto":"JD3","existencias":41,"apartados":0,"disponible":41},{"producto":"JD5-2032","existencias":176,"apartados":0,"disponible":176},{"producto":"JD10-2032","existencias":1469,"apartados":50,"disponible":1419}]
[2025-09-30 11:19:38] Info: Pedido 19680 19680 verificadas existencias correctamente → [{"producto":"JD1-2713","existencias":1014,"apartados":0,"disponible":1014},{"producto":"JD3","existencias":41,"apartados":0,"disponible":41},{"producto":"JD5-2032","existencias":176,"apartados":0,"disponible":176},{"producto":"JD10-2032","existencias":1469,"apartados":50,"disponible":1419},{"producto":"JD20-1838","existencias":650,"apartados":36,"disponible":614}]
[2025-09-30 11:19:38] Info: Pedido 19680 19680 verificadas existencias correctamente → [{"producto":"JD1-2713","existencias":1014,"apartados":0,"disponible":1014},{"producto":"JD3","existencias":41,"apartados":0,"disponible":41},{"producto":"JD5-2032","existencias":176,"apartados":0,"disponible":176},{"producto":"JD10-2032","existencias":1469,"apartados":50,"disponible":1419},{"producto":"JD20-1838","existencias":650,"apartados":36,"disponible":614},{"producto":"JD30-50","existencias":379,"apartados":3,"disponible":376}]
[2025-09-30 11:19:38] Info: Pedido 19680 19680 verificadas existencias correctamente → [{"producto":"JD1-2713","existencias":1014,"apartados":0,"disponible":1014},{"producto":"JD3","existencias":41,"apartados":0,"disponible":41},{"producto":"JD5-2032","existencias":176,"apartados":0,"disponible":176},{"producto":"JD10-2032","existencias":1469,"apartados":50,"disponible":1419},{"producto":"JD20-1838","existencias":650,"apartados":36,"disponible":614},{"producto":"JD30-50","existencias":379,"apartados":3,"disponible":376},{"producto":"JD60-25","existencias":411,"apartados":6,"disponible":405}]
[2025-09-30 11:19:38] Info: Pedido 19680 19680 verificadas existencias correctamente → [{"producto":"JD1-2713","existencias":1014,"apartados":0,"disponible":1014},{"producto":"JD3","existencias":41,"apartados":0,"disponible":41},{"producto":"JD5-2032","existencias":176,"apartados":0,"disponible":176},{"producto":"JD10-2032","existencias":1469,"apartados":50,"disponible":1419},{"producto":"JD20-1838","existencias":650,"apartados":36,"disponible":614},{"producto":"JD30-50","existencias":379,"apartados":3,"disponible":376},{"producto":"JD60-25","existencias":411,"apartados":6,"disponible":405},{"producto":"AD-1613","existencias":1664,"apartados":0,"disponible":1664}]
[2025-09-30 11:19:38] Info: Pedido 19680 19680 verificadas existencias correctamente → [{"producto":"JD1-2713","existencias":1014,"apartados":0,"disponible":1014},{"producto":"JD3","existencias":41,"apartados":0,"disponible":41},{"producto":"JD5-2032","existencias":176,"apartados":0,"disponible":176},{"producto":"JD10-2032","existencias":1469,"apartados":50,"disponible":1419},{"producto":"JD20-1838","existencias":650,"apartados":36,"disponible":614},{"producto":"JD30-50","existencias":379,"apartados":3,"disponible":376},{"producto":"JD60-25","existencias":411,"apartados":6,"disponible":405},{"producto":"AD-1613","existencias":1664,"apartados":0,"disponible":1664},{"producto":"AD-1638","existencias":200,"apartados":0,"disponible":200}]
[2025-09-30 11:19:38] Info: Pedido 19680 19680 verificadas existencias correctamente → [{"producto":"JD1-2713","existencias":1014,"apartados":0,"disponible":1014},{"producto":"JD3","existencias":41,"apartados":0,"disponible":41},{"producto":"JD5-2032","existencias":176,"apartados":0,"disponible":176},{"producto":"JD10-2032","existencias":1469,"apartados":50,"disponible":1419},{"producto":"JD20-1838","existencias":650,"apartados":36,"disponible":614},{"producto":"JD30-50","existencias":379,"apartados":3,"disponible":376},{"producto":"JD60-25","existencias":411,"apartados":6,"disponible":405},{"producto":"AD-1613","existencias":1664,"apartados":0,"disponible":1664},{"producto":"AD-1638","existencias":200,"apartados":0,"disponible":200},{"producto":"AD-1813","existencias":685,"apartados":60,"disponible":625}]
[2025-09-30 11:19:38] Info: Pedido 19680 19680 verificadas existencias correctamente → [{"producto":"JD1-2713","existencias":1014,"apartados":0,"disponible":1014},{"producto":"JD3","existencias":41,"apartados":0,"disponible":41},{"producto":"JD5-2032","existencias":176,"apartados":0,"disponible":176},{"producto":"JD10-2032","existencias":1469,"apartados":50,"disponible":1419},{"producto":"JD20-1838","existencias":650,"apartados":36,"disponible":614},{"producto":"JD30-50","existencias":379,"apartados":3,"disponible":376},{"producto":"JD60-25","existencias":411,"apartados":6,"disponible":405},{"producto":"AD-1613","existencias":1664,"apartados":0,"disponible":1664},{"producto":"AD-1638","existencias":200,"apartados":0,"disponible":200},{"producto":"AD-1813","existencias":685,"apartados":60,"disponible":625},{"producto":"AD-1819","existencias":21025,"apartados":5,"disponible":21020}]
[2025-09-30 11:19:38] Info: Pedido 19680 19680 verificadas existencias correctamente → [{"producto":"JD1-2713","existencias":1014,"apartados":0,"disponible":1014},{"producto":"JD3","existencias":41,"apartados":0,"disponible":41},{"producto":"JD5-2032","existencias":176,"apartados":0,"disponible":176},{"producto":"JD10-2032","existencias":1469,"apartados":50,"disponible":1419},{"producto":"JD20-1838","existencias":650,"apartados":36,"disponible":614},{"producto":"JD30-50","existencias":379,"apartados":3,"disponible":376},{"producto":"JD60-25","existencias":411,"apartados":6,"disponible":405},{"producto":"AD-1613","existencias":1664,"apartados":0,"disponible":1664},{"producto":"AD-1638","existencias":200,"apartados":0,"disponible":200},{"producto":"AD-1813","existencias":685,"apartados":60,"disponible":625},{"producto":"AD-1819","existencias":21025,"apartados":5,"disponible":21020},{"producto":"AD-1825","existencias":1149,"apartados":150,"disponible":999}]
[2025-09-30 11:19:38] Info: Pedido 19680 19680 verificadas existencias correctamente → [{"producto":"JD1-2713","existencias":1014,"apartados":0,"disponible":1014},{"producto":"JD3","existencias":41,"apartados":0,"disponible":41},{"producto":"JD5-2032","existencias":176,"apartados":0,"disponible":176},{"producto":"JD10-2032","existencias":1469,"apartados":50,"disponible":1419},{"producto":"JD20-1838","existencias":650,"apartados":36,"disponible":614},{"producto":"JD30-50","existencias":379,"apartados":3,"disponible":376},{"producto":"JD60-25","existencias":411,"apartados":6,"disponible":405},{"producto":"AD-1613","existencias":1664,"apartados":0,"disponible":1664},{"producto":"AD-1638","existencias":200,"apartados":0,"disponible":200},{"producto":"AD-1813","existencias":685,"apartados":60,"disponible":625},{"producto":"AD-1819","existencias":21025,"apartados":5,"disponible":21020},{"producto":"AD-1825","existencias":1149,"apartados":150,"disponible":999},{"producto":"AD-1838","existencias":177,"apartados":70,"disponible":107}]
[2025-09-30 11:19:38] Info: Pedido 19680 19680 verificadas existencias correctamente → [{"producto":"JD1-2713","existencias":1014,"apartados":0,"disponible":1014},{"producto":"JD3","existencias":41,"apartados":0,"disponible":41},{"producto":"JD5-2032","existencias":176,"apartados":0,"disponible":176},{"producto":"JD10-2032","existencias":1469,"apartados":50,"disponible":1419},{"producto":"JD20-1838","existencias":650,"apartados":36,"disponible":614},{"producto":"JD30-50","existencias":379,"apartados":3,"disponible":376},{"producto":"JD60-25","existencias":411,"apartados":6,"disponible":405},{"producto":"AD-1613","existencias":1664,"apartados":0,"disponible":1664},{"producto":"AD-1638","existencias":200,"apartados":0,"disponible":200},{"producto":"AD-1813","existencias":685,"apartados":60,"disponible":625},{"producto":"AD-1819","existencias":21025,"apartados":5,"disponible":21020},{"producto":"AD-1825","existencias":1149,"apartados":150,"disponible":999},{"producto":"AD-1838","existencias":177,"apartados":70,"disponible":107},{"producto":"AD-2516","existencias":528,"apartados":0,"disponible":528}]
[2025-09-30 11:19:38] Info: Pedido 19680 19680 verificadas existencias correctamente → [{"producto":"JD1-2713","existencias":1014,"apartados":0,"disponible":1014},{"producto":"JD3","existencias":41,"apartados":0,"disponible":41},{"producto":"JD5-2032","existencias":176,"apartados":0,"disponible":176},{"producto":"JD10-2032","existencias":1469,"apartados":50,"disponible":1419},{"producto":"JD20-1838","existencias":650,"apartados":36,"disponible":614},{"producto":"JD30-50","existencias":379,"apartados":3,"disponible":376},{"producto":"JD60-25","existencias":411,"apartados":6,"disponible":405},{"producto":"AD-1613","existencias":1664,"apartados":0,"disponible":1664},{"producto":"AD-1638","existencias":200,"apartados":0,"disponible":200},{"producto":"AD-1813","existencias":685,"apartados":60,"disponible":625},{"producto":"AD-1819","existencias":21025,"apartados":5,"disponible":21020},{"producto":"AD-1825","existencias":1149,"apartados":150,"disponible":999},{"producto":"AD-1838","existencias":177,"apartados":70,"disponible":107},{"producto":"AD-2516","existencias":528,"apartados":0,"disponible":528},{"producto":"SCC-2","existencias":323,"apartados":0,"disponible":323}]
[2025-09-30 11:19:38] INFO: El pedido 19680 cuenta con las existencias necesarias → null
[2025-09-30 11:19:38] Succes: Se encontro datos de pago → null
[2025-09-30 11:19:38] Succes: dato encontrado → null
[2025-09-30 11:23:20] INFO: El cliente        182 realizo la accion → null
[2025-09-30 11:23:20] Info: Pedido 19686 19686 verificadas existencias correctamente → []
[2025-09-30 11:23:20] Info: Pedido 19686 19686 verificadas existencias correctamente → [{"producto":"AR-1825","existencias":74,"apartados":6,"disponible":68}]
[2025-09-30 11:23:20] Info: Pedido 19686 19686 verificadas existencias correctamente → [{"producto":"AR-1825","existencias":74,"apartados":6,"disponible":68},{"producto":"VC-AI","existencias":242,"apartados":0,"disponible":242}]
[2025-09-30 11:23:20] Info: Pedido 19686 19686 verificadas existencias correctamente → [{"producto":"AR-1825","existencias":74,"apartados":6,"disponible":68},{"producto":"VC-AI","existencias":242,"apartados":0,"disponible":242},{"producto":"BSA-A","existencias":88,"apartados":0,"disponible":88}]
[2025-09-30 11:23:20] INFO: El pedido 19686 cuenta con las existencias necesarias → null
[2025-09-30 11:23:20] INFO: El cliente        182 maneja credico → null
[2025-09-30 11:23:20] Succes: Comanda Creada→ null
[2025-09-30 11:44:53] INFO: El cliente        373 realizo la accion → null
[2025-09-30 11:44:53] Info: Pedido 19690 19690 verificadas existencias correctamente → []
[2025-09-30 11:44:53] Info: Pedido 19690 19690 verificadas existencias correctamente → [{"producto":"JD20-1838","existencias":650,"apartados":54,"disponible":596}]
[2025-09-30 11:44:53] Info: Pedido 19690 19690 verificadas existencias correctamente → [{"producto":"JD20-1838","existencias":650,"apartados":54,"disponible":596},{"producto":"AD-1813","existencias":685,"apartados":275,"disponible":410}]
[2025-09-30 11:44:53] Info: Pedido 19690 19690 verificadas existencias correctamente → [{"producto":"JD20-1838","existencias":650,"apartados":54,"disponible":596},{"producto":"AD-1813","existencias":685,"apartados":275,"disponible":410},{"producto":"AD-2006","existencias":2553,"apartados":30,"disponible":2523}]
[2025-09-30 11:44:53] Info: Pedido 19690 19690 verificadas existencias correctamente → [{"producto":"JD20-1838","existencias":650,"apartados":54,"disponible":596},{"producto":"AD-1813","existencias":685,"apartados":275,"disponible":410},{"producto":"AD-2006","existencias":2553,"apartados":30,"disponible":2523},{"producto":"SCC-2","existencias":323,"apartados":5,"disponible":318}]
[2025-09-30 11:44:53] Info: Pedido 19690 19690 verificadas existencias correctamente → [{"producto":"JD20-1838","existencias":650,"apartados":54,"disponible":596},{"producto":"AD-1813","existencias":685,"apartados":275,"disponible":410},{"producto":"AD-2006","existencias":2553,"apartados":30,"disponible":2523},{"producto":"SCC-2","existencias":323,"apartados":5,"disponible":318},{"producto":"VA5-AM","existencias":93,"apartados":0,"disponible":93}]
[2025-09-30 11:44:53] Info: Pedido 19690 19690 verificadas existencias correctamente → [{"producto":"JD20-1838","existencias":650,"apartados":54,"disponible":596},{"producto":"AD-1813","existencias":685,"apartados":275,"disponible":410},{"producto":"AD-2006","existencias":2553,"apartados":30,"disponible":2523},{"producto":"SCC-2","existencias":323,"apartados":5,"disponible":318},{"producto":"VA5-AM","existencias":93,"apartados":0,"disponible":93},{"producto":"VA5-NRJ","existencias":138,"apartados":0,"disponible":138}]
[2025-09-30 11:44:53] INFO: El pedido 19690 cuenta con las existencias necesarias → null
[2025-09-30 11:44:53] Succes: Se encontro datos de pago → null
[2025-09-30 11:44:53] Succes: dato encontrado → null
[2025-09-30 12:09:11] INFO: El cliente        787 realizo la accion → null
[2025-09-30 12:09:11] Info: Pedido 19692 19692 verificadas existencias correctamente → []
[2025-09-30 12:09:11] Info: Pedido 19692 19692 verificadas existencias correctamente → [{"producto":"JD1-2516","existencias":3805,"apartados":84,"disponible":3721}]
[2025-09-30 12:09:11] Info: Pedido 19692 19692 verificadas existencias correctamente → [{"producto":"JD1-2516","existencias":3805,"apartados":84,"disponible":3721},{"producto":"JD3-2325","existencias":1073,"apartados":20,"disponible":1053}]
[2025-09-30 12:09:11] Info: Pedido 19692 19692 verificadas existencias correctamente → [{"producto":"JD1-2516","existencias":3805,"apartados":84,"disponible":3721},{"producto":"JD3-2325","existencias":1073,"apartados":20,"disponible":1053},{"producto":"JD3-2032","existencias":567,"apartados":0,"disponible":567}]
[2025-09-30 12:09:11] Info: Pedido 19692 19692 verificadas existencias correctamente → [{"producto":"JD1-2516","existencias":3805,"apartados":84,"disponible":3721},{"producto":"JD3-2325","existencias":1073,"apartados":20,"disponible":1053},{"producto":"JD3-2032","existencias":567,"apartados":0,"disponible":567},{"producto":"JD3-2132","existencias":1227,"apartados":0,"disponible":1227}]
[2025-09-30 12:09:11] Info: Pedido 19692 19692 verificadas existencias correctamente → [{"producto":"JD1-2516","existencias":3805,"apartados":84,"disponible":3721},{"producto":"JD3-2325","existencias":1073,"apartados":20,"disponible":1053},{"producto":"JD3-2032","existencias":567,"apartados":0,"disponible":567},{"producto":"JD3-2132","existencias":1227,"apartados":0,"disponible":1227},{"producto":"JD3-2232","existencias":774,"apartados":0,"disponible":774}]
[2025-09-30 12:09:11] Info: Pedido 19692 19692 verificadas existencias correctamente → [{"producto":"JD1-2516","existencias":3805,"apartados":84,"disponible":3721},{"producto":"JD3-2325","existencias":1073,"apartados":20,"disponible":1053},{"producto":"JD3-2032","existencias":567,"apartados":0,"disponible":567},{"producto":"JD3-2132","existencias":1227,"apartados":0,"disponible":1227},{"producto":"JD3-2232","existencias":774,"apartados":0,"disponible":774},{"producto":"JD3-2516","existencias":454,"apartados":0,"disponible":454}]
[2025-09-30 12:09:11] Info: Pedido 19692 19692 verificadas existencias correctamente → [{"producto":"JD1-2516","existencias":3805,"apartados":84,"disponible":3721},{"producto":"JD3-2325","existencias":1073,"apartados":20,"disponible":1053},{"producto":"JD3-2032","existencias":567,"apartados":0,"disponible":567},{"producto":"JD3-2132","existencias":1227,"apartados":0,"disponible":1227},{"producto":"JD3-2232","existencias":774,"apartados":0,"disponible":774},{"producto":"JD3-2516","existencias":454,"apartados":0,"disponible":454},{"producto":"JD20-1838","existencias":648,"apartados":49,"disponible":599}]
[2025-09-30 12:09:11] Info: Pedido 19692 19692 verificadas existencias correctamente → [{"producto":"JD1-2516","existencias":3805,"apartados":84,"disponible":3721},{"producto":"JD3-2325","existencias":1073,"apartados":20,"disponible":1053},{"producto":"JD3-2032","existencias":567,"apartados":0,"disponible":567},{"producto":"JD3-2132","existencias":1227,"apartados":0,"disponible":1227},{"producto":"JD3-2232","existencias":774,"apartados":0,"disponible":774},{"producto":"JD3-2516","existencias":454,"apartados":0,"disponible":454},{"producto":"JD20-1838","existencias":648,"apartados":49,"disponible":599},{"producto":"JD30-50","existencias":379,"apartados":18,"disponible":361}]
[2025-09-30 12:09:11] Info: Pedido 19692 19692 verificadas existencias correctamente → [{"producto":"JD1-2516","existencias":3805,"apartados":84,"disponible":3721},{"producto":"JD3-2325","existencias":1073,"apartados":20,"disponible":1053},{"producto":"JD3-2032","existencias":567,"apartados":0,"disponible":567},{"producto":"JD3-2132","existencias":1227,"apartados":0,"disponible":1227},{"producto":"JD3-2232","existencias":774,"apartados":0,"disponible":774},{"producto":"JD3-2516","existencias":454,"apartados":0,"disponible":454},{"producto":"JD20-1838","existencias":648,"apartados":49,"disponible":599},{"producto":"JD30-50","existencias":379,"apartados":18,"disponible":361},{"producto":"JD60-25","existencias":411,"apartados":21,"disponible":390}]
[2025-09-30 12:09:11] Info: Pedido 19692 19692 verificadas existencias correctamente → [{"producto":"JD1-2516","existencias":3805,"apartados":84,"disponible":3721},{"producto":"JD3-2325","existencias":1073,"apartados":20,"disponible":1053},{"producto":"JD3-2032","existencias":567,"apartados":0,"disponible":567},{"producto":"JD3-2132","existencias":1227,"apartados":0,"disponible":1227},{"producto":"JD3-2232","existencias":774,"apartados":0,"disponible":774},{"producto":"JD3-2516","existencias":454,"apartados":0,"disponible":454},{"producto":"JD20-1838","existencias":648,"apartados":49,"disponible":599},{"producto":"JD30-50","existencias":379,"apartados":18,"disponible":361},{"producto":"JD60-25","existencias":411,"apartados":21,"disponible":390},{"producto":"AD-1838","existencias":177,"apartados":170,"disponible":7}]
[2025-09-30 12:09:11] Info: Pedido 19692 19692 verificadas existencias correctamente → [{"producto":"JD1-2516","existencias":3805,"apartados":84,"disponible":3721},{"producto":"JD3-2325","existencias":1073,"apartados":20,"disponible":1053},{"producto":"JD3-2032","existencias":567,"apartados":0,"disponible":567},{"producto":"JD3-2132","existencias":1227,"apartados":0,"disponible":1227},{"producto":"JD3-2232","existencias":774,"apartados":0,"disponible":774},{"producto":"JD3-2516","existencias":454,"apartados":0,"disponible":454},{"producto":"JD20-1838","existencias":648,"apartados":49,"disponible":599},{"producto":"JD30-50","existencias":379,"apartados":18,"disponible":361},{"producto":"JD60-25","existencias":411,"apartados":21,"disponible":390},{"producto":"AD-1838","existencias":177,"apartados":170,"disponible":7},{"producto":"AD-1832","existencias":1687,"apartados":0,"disponible":1687}]
[2025-09-30 12:09:11] Info: Pedido 19692 19692 verificadas existencias correctamente → [{"producto":"JD1-2516","existencias":3805,"apartados":84,"disponible":3721},{"producto":"JD3-2325","existencias":1073,"apartados":20,"disponible":1053},{"producto":"JD3-2032","existencias":567,"apartados":0,"disponible":567},{"producto":"JD3-2132","existencias":1227,"apartados":0,"disponible":1227},{"producto":"JD3-2232","existencias":774,"apartados":0,"disponible":774},{"producto":"JD3-2516","existencias":454,"apartados":0,"disponible":454},{"producto":"JD20-1838","existencias":648,"apartados":49,"disponible":599},{"producto":"JD30-50","existencias":379,"apartados":18,"disponible":361},{"producto":"JD60-25","existencias":411,"apartados":21,"disponible":390},{"producto":"AD-1838","existencias":177,"apartados":170,"disponible":7},{"producto":"AD-1832","existencias":1687,"apartados":0,"disponible":1687},{"producto":"AD-1825","existencias":1149,"apartados":355,"disponible":794}]
[2025-09-30 12:09:11] Info: Pedido 19692 19692 verificadas existencias correctamente → [{"producto":"JD1-2516","existencias":3805,"apartados":84,"disponible":3721},{"producto":"JD3-2325","existencias":1073,"apartados":20,"disponible":1053},{"producto":"JD3-2032","existencias":567,"apartados":0,"disponible":567},{"producto":"JD3-2132","existencias":1227,"apartados":0,"disponible":1227},{"producto":"JD3-2232","existencias":774,"apartados":0,"disponible":774},{"producto":"JD3-2516","existencias":454,"apartados":0,"disponible":454},{"producto":"JD20-1838","existencias":648,"apartados":49,"disponible":599},{"producto":"JD30-50","existencias":379,"apartados":18,"disponible":361},{"producto":"JD60-25","existencias":411,"apartados":21,"disponible":390},{"producto":"AD-1838","existencias":177,"apartados":170,"disponible":7},{"producto":"AD-1832","existencias":1687,"apartados":0,"disponible":1687},{"producto":"AD-1825","existencias":1149,"apartados":355,"disponible":794},{"producto":"AD-1813","existencias":681,"apartados":260,"disponible":421}]
[2025-09-30 12:09:11] INFO: El pedido 19692 cuenta con las existencias necesarias → null
[2025-09-30 12:09:11] INFO: El cliente        787 maneja credico → null
[2025-09-30 12:09:11] Succes: Comanda Creada→ null
[2025-09-30 12:13:48] INFO: El cliente        316 realizo la accion → null
[2025-09-30 12:13:49] Info: Pedido 19687 19687 verificadas existencias correctamente → []
[2025-09-30 12:13:49] Info: Pedido 19687 19687 verificadas existencias correctamente → [{"producto":"AD-1838","existencias":170,"apartados":120,"disponible":50}]
[2025-09-30 12:13:49] Info: Pedido 19687 19687 verificadas existencias correctamente → [{"producto":"AD-1838","existencias":170,"apartados":120,"disponible":50},{"producto":"AD-1825","existencias":1131,"apartados":275,"disponible":856}]
[2025-09-30 12:13:49] Info: Pedido 19687 19687 verificadas existencias correctamente → [{"producto":"AD-1838","existencias":170,"apartados":120,"disponible":50},{"producto":"AD-1825","existencias":1131,"apartados":275,"disponible":856},{"producto":"AD-1813","existencias":666,"apartados":200,"disponible":466}]
[2025-09-30 12:13:49] Info: Pedido 19687 19687 verificadas existencias correctamente → [{"producto":"AD-1838","existencias":170,"apartados":120,"disponible":50},{"producto":"AD-1825","existencias":1131,"apartados":275,"disponible":856},{"producto":"AD-1813","existencias":666,"apartados":200,"disponible":466},{"producto":"AD-1819","existencias":21025,"apartados":100,"disponible":20925}]
[2025-09-30 12:13:49] Info: Pedido 19687 19687 verificadas existencias correctamente → [{"producto":"AD-1838","existencias":170,"apartados":120,"disponible":50},{"producto":"AD-1825","existencias":1131,"apartados":275,"disponible":856},{"producto":"AD-1813","existencias":666,"apartados":200,"disponible":466},{"producto":"AD-1819","existencias":21025,"apartados":100,"disponible":20925},{"producto":"CI","existencias":448,"apartados":0,"disponible":448}]
[2025-09-30 12:13:49] Info: Pedido 19687 19687 verificadas existencias correctamente → [{"producto":"AD-1838","existencias":170,"apartados":120,"disponible":50},{"producto":"AD-1825","existencias":1131,"apartados":275,"disponible":856},{"producto":"AD-1813","existencias":666,"apartados":200,"disponible":466},{"producto":"AD-1819","existencias":21025,"apartados":100,"disponible":20925},{"producto":"CI","existencias":448,"apartados":0,"disponible":448},{"producto":"VC-AI","existencias":222,"apartados":0,"disponible":222}]
[2025-09-30 12:13:49] Info: Pedido 19687 19687 verificadas existencias correctamente → [{"producto":"AD-1838","existencias":170,"apartados":120,"disponible":50},{"producto":"AD-1825","existencias":1131,"apartados":275,"disponible":856},{"producto":"AD-1813","existencias":666,"apartados":200,"disponible":466},{"producto":"AD-1819","existencias":21025,"apartados":100,"disponible":20925},{"producto":"CI","existencias":448,"apartados":0,"disponible":448},{"producto":"VC-AI","existencias":222,"apartados":0,"disponible":222},{"producto":"JD20","existencias":1392,"apartados":8,"disponible":1384}]
[2025-09-30 12:13:49] Info: Pedido 19687 19687 verificadas existencias correctamente → [{"producto":"AD-1838","existencias":170,"apartados":120,"disponible":50},{"producto":"AD-1825","existencias":1131,"apartados":275,"disponible":856},{"producto":"AD-1813","existencias":666,"apartados":200,"disponible":466},{"producto":"AD-1819","existencias":21025,"apartados":100,"disponible":20925},{"producto":"CI","existencias":448,"apartados":0,"disponible":448},{"producto":"VC-AI","existencias":222,"apartados":0,"disponible":222},{"producto":"JD20","existencias":1392,"apartados":8,"disponible":1384},{"producto":"JD3-2325","existencias":1058,"apartados":0,"disponible":1058}]
[2025-09-30 12:13:49] Info: Pedido 19687 19687 verificadas existencias correctamente → [{"producto":"AD-1838","existencias":170,"apartados":120,"disponible":50},{"producto":"AD-1825","existencias":1131,"apartados":275,"disponible":856},{"producto":"AD-1813","existencias":666,"apartados":200,"disponible":466},{"producto":"AD-1819","existencias":21025,"apartados":100,"disponible":20925},{"producto":"CI","existencias":448,"apartados":0,"disponible":448},{"producto":"VC-AI","existencias":222,"apartados":0,"disponible":222},{"producto":"JD20","existencias":1392,"apartados":8,"disponible":1384},{"producto":"JD3-2325","existencias":1058,"apartados":0,"disponible":1058},{"producto":"JD5-2132","existencias":1102,"apartados":0,"disponible":1102}]
[2025-09-30 12:13:49] Info: Pedido 19687 19687 verificadas existencias correctamente → [{"producto":"AD-1838","existencias":170,"apartados":120,"disponible":50},{"producto":"AD-1825","existencias":1131,"apartados":275,"disponible":856},{"producto":"AD-1813","existencias":666,"apartados":200,"disponible":466},{"producto":"AD-1819","existencias":21025,"apartados":100,"disponible":20925},{"producto":"CI","existencias":448,"apartados":0,"disponible":448},{"producto":"VC-AI","existencias":222,"apartados":0,"disponible":222},{"producto":"JD20","existencias":1392,"apartados":8,"disponible":1384},{"producto":"JD3-2325","existencias":1058,"apartados":0,"disponible":1058},{"producto":"JD5-2132","existencias":1102,"apartados":0,"disponible":1102},{"producto":"JD60-25","existencias":407,"apartados":15,"disponible":392}]
[2025-09-30 12:13:49] Info: Pedido 19687 19687 verificadas existencias correctamente → [{"producto":"AD-1838","existencias":170,"apartados":120,"disponible":50},{"producto":"AD-1825","existencias":1131,"apartados":275,"disponible":856},{"producto":"AD-1813","existencias":666,"apartados":200,"disponible":466},{"producto":"AD-1819","existencias":21025,"apartados":100,"disponible":20925},{"producto":"CI","existencias":448,"apartados":0,"disponible":448},{"producto":"VC-AI","existencias":222,"apartados":0,"disponible":222},{"producto":"JD20","existencias":1392,"apartados":8,"disponible":1384},{"producto":"JD3-2325","existencias":1058,"apartados":0,"disponible":1058},{"producto":"JD5-2132","existencias":1102,"apartados":0,"disponible":1102},{"producto":"JD60-25","existencias":407,"apartados":15,"disponible":392},{"producto":"JD30-50","existencias":375,"apartados":15,"disponible":360}]
[2025-09-30 12:13:49] Info: Pedido 19687 19687 verificadas existencias correctamente → [{"producto":"AD-1838","existencias":170,"apartados":120,"disponible":50},{"producto":"AD-1825","existencias":1131,"apartados":275,"disponible":856},{"producto":"AD-1813","existencias":666,"apartados":200,"disponible":466},{"producto":"AD-1819","existencias":21025,"apartados":100,"disponible":20925},{"producto":"CI","existencias":448,"apartados":0,"disponible":448},{"producto":"VC-AI","existencias":222,"apartados":0,"disponible":222},{"producto":"JD20","existencias":1392,"apartados":8,"disponible":1384},{"producto":"JD3-2325","existencias":1058,"apartados":0,"disponible":1058},{"producto":"JD5-2132","existencias":1102,"apartados":0,"disponible":1102},{"producto":"JD60-25","existencias":407,"apartados":15,"disponible":392},{"producto":"JD30-50","existencias":375,"apartados":15,"disponible":360},{"producto":"JD10-2032","existencias":1469,"apartados":15,"disponible":1454}]
[2025-09-30 12:13:49] Info: Pedido 19687 19687 verificadas existencias correctamente → [{"producto":"AD-1838","existencias":170,"apartados":120,"disponible":50},{"producto":"AD-1825","existencias":1131,"apartados":275,"disponible":856},{"producto":"AD-1813","existencias":666,"apartados":200,"disponible":466},{"producto":"AD-1819","existencias":21025,"apartados":100,"disponible":20925},{"producto":"CI","existencias":448,"apartados":0,"disponible":448},{"producto":"VC-AI","existencias":222,"apartados":0,"disponible":222},{"producto":"JD20","existencias":1392,"apartados":8,"disponible":1384},{"producto":"JD3-2325","existencias":1058,"apartados":0,"disponible":1058},{"producto":"JD5-2132","existencias":1102,"apartados":0,"disponible":1102},{"producto":"JD60-25","existencias":407,"apartados":15,"disponible":392},{"producto":"JD30-50","existencias":375,"apartados":15,"disponible":360},{"producto":"JD10-2032","existencias":1469,"apartados":15,"disponible":1454},{"producto":"JD1-2516","existencias":3797,"apartados":72,"disponible":3725}]
[2025-09-30 12:13:49] Info: Pedido 19687 19687 verificadas existencias correctamente → [{"producto":"AD-1838","existencias":170,"apartados":120,"disponible":50},{"producto":"AD-1825","existencias":1131,"apartados":275,"disponible":856},{"producto":"AD-1813","existencias":666,"apartados":200,"disponible":466},{"producto":"AD-1819","existencias":21025,"apartados":100,"disponible":20925},{"producto":"CI","existencias":448,"apartados":0,"disponible":448},{"producto":"VC-AI","existencias":222,"apartados":0,"disponible":222},{"producto":"JD20","existencias":1392,"apartados":8,"disponible":1384},{"producto":"JD3-2325","existencias":1058,"apartados":0,"disponible":1058},{"producto":"JD5-2132","existencias":1102,"apartados":0,"disponible":1102},{"producto":"JD60-25","existencias":407,"apartados":15,"disponible":392},{"producto":"JD30-50","existencias":375,"apartados":15,"disponible":360},{"producto":"JD10-2032","existencias":1469,"apartados":15,"disponible":1454},{"producto":"JD1-2516","existencias":3797,"apartados":72,"disponible":3725},{"producto":"JD20-1838","existencias":640,"apartados":29,"disponible":611}]
[2025-09-30 12:13:49] INFO: El pedido 19687 cuenta con las existencias necesarias → null
[2025-09-30 12:13:49] INFO: El cliente        316 maneja credico → null
[2025-09-30 12:13:49] Succes: Comanda Creada→ null
[2025-09-30 12:33:15] INFO: El cliente         16 realizo la accion → null
[2025-09-30 12:33:15] Info: Pedido 19694 19694 verificadas existencias correctamente → []
[2025-09-30 12:33:15] Info: Pedido 19694 19694 verificadas existencias correctamente → [{"producto":"AD-1825","existencias":1051,"apartados":270,"disponible":781}]
[2025-09-30 12:33:15] Info: Pedido 19694 19694 verificadas existencias correctamente → [{"producto":"AD-1825","existencias":1051,"apartados":270,"disponible":781},{"producto":"AD-2132","existencias":249,"apartados":0,"disponible":249}]
[2025-09-30 12:33:15] Info: Pedido 19694 19694 verificadas existencias correctamente → [{"producto":"AD-1825","existencias":1051,"apartados":270,"disponible":781},{"producto":"AD-2132","existencias":249,"apartados":0,"disponible":249},{"producto":"AD-2516","existencias":518,"apartados":100,"disponible":418}]
[2025-09-30 12:33:15] Info: Pedido 19694 19694 verificadas existencias correctamente → [{"producto":"AD-1825","existencias":1051,"apartados":270,"disponible":781},{"producto":"AD-2132","existencias":249,"apartados":0,"disponible":249},{"producto":"AD-2516","existencias":518,"apartados":100,"disponible":418},{"producto":"AR-1619","existencias":34,"apartados":0,"disponible":34}]
[2025-09-30 12:33:15] Info: Pedido 19694 19694 verificadas existencias correctamente → [{"producto":"AD-1825","existencias":1051,"apartados":270,"disponible":781},{"producto":"AD-2132","existencias":249,"apartados":0,"disponible":249},{"producto":"AD-2516","existencias":518,"apartados":100,"disponible":418},{"producto":"AR-1619","existencias":34,"apartados":0,"disponible":34},{"producto":"AR-1819","existencias":17,"apartados":0,"disponible":17}]
[2025-09-30 12:33:15] Info: Pedido 19694 19694 verificadas existencias correctamente → [{"producto":"AD-1825","existencias":1051,"apartados":270,"disponible":781},{"producto":"AD-2132","existencias":249,"apartados":0,"disponible":249},{"producto":"AD-2516","existencias":518,"apartados":100,"disponible":418},{"producto":"AR-1619","existencias":34,"apartados":0,"disponible":34},{"producto":"AR-1819","existencias":17,"apartados":0,"disponible":17},{"producto":"JD20-1838","existencias":620,"apartados":26,"disponible":594}]
[2025-09-30 12:33:15] Info: Pedido 19694 19694 verificadas existencias correctamente → [{"producto":"AD-1825","existencias":1051,"apartados":270,"disponible":781},{"producto":"AD-2132","existencias":249,"apartados":0,"disponible":249},{"producto":"AD-2516","existencias":518,"apartados":100,"disponible":418},{"producto":"AR-1619","existencias":34,"apartados":0,"disponible":34},{"producto":"AR-1819","existencias":17,"apartados":0,"disponible":17},{"producto":"JD20-1838","existencias":620,"apartados":26,"disponible":594},{"producto":"JD1-2516","existencias":3785,"apartados":48,"disponible":3737}]
[2025-09-30 12:33:15] Info: Pedido 19694 19694 verificadas existencias correctamente → [{"producto":"AD-1825","existencias":1051,"apartados":270,"disponible":781},{"producto":"AD-2132","existencias":249,"apartados":0,"disponible":249},{"producto":"AD-2516","existencias":518,"apartados":100,"disponible":418},{"producto":"AR-1619","existencias":34,"apartados":0,"disponible":34},{"producto":"AR-1819","existencias":17,"apartados":0,"disponible":17},{"producto":"JD20-1838","existencias":620,"apartados":26,"disponible":594},{"producto":"JD1-2516","existencias":3785,"apartados":48,"disponible":3737},{"producto":"JD3-2325","existencias":1038,"apartados":-18,"disponible":1056}]
[2025-09-30 12:33:15] Info: Pedido 19694 19694 verificadas existencias correctamente → [{"producto":"AD-1825","existencias":1051,"apartados":270,"disponible":781},{"producto":"AD-2132","existencias":249,"apartados":0,"disponible":249},{"producto":"AD-2516","existencias":518,"apartados":100,"disponible":418},{"producto":"AR-1619","existencias":34,"apartados":0,"disponible":34},{"producto":"AR-1819","existencias":17,"apartados":0,"disponible":17},{"producto":"JD20-1838","existencias":620,"apartados":26,"disponible":594},{"producto":"JD1-2516","existencias":3785,"apartados":48,"disponible":3737},{"producto":"JD3-2325","existencias":1038,"apartados":-18,"disponible":1056},{"producto":"JD5","existencias":142,"apartados":8,"disponible":134}]
[2025-09-30 12:33:15] INFO: El pedido 19694 cuenta con las existencias necesarias → null
[2025-09-30 12:33:15] INFO: El cliente         16 maneja credico → null
[2025-09-30 12:33:15] Succes: Comanda Creada→ null
[2025-09-30 12:47:41] INFO: El cliente        397 realizo la accion → null
[2025-09-30 12:47:41] Info: Pedido 19688 19688 verificadas existencias correctamente → []
[2025-09-30 12:47:41] Info: Pedido 19688 19688 verificadas existencias correctamente → [{"producto":"JD1-2516","existencias":3761,"apartados":0,"disponible":3761}]
[2025-09-30 12:47:41] Info: Pedido 19688 19688 verificadas existencias correctamente → [{"producto":"JD1-2516","existencias":3761,"apartados":0,"disponible":3761},{"producto":"JD5","existencias":139,"apartados":0,"disponible":139}]
[2025-09-30 12:47:41] Info: Pedido 19688 19688 verificadas existencias correctamente → [{"producto":"JD1-2516","existencias":3761,"apartados":0,"disponible":3761},{"producto":"JD5","existencias":139,"apartados":0,"disponible":139},{"producto":"JD20","existencias":1342,"apartados":0,"disponible":1342}]
[2025-09-30 12:47:41] Info: Pedido 19688 19688 verificadas existencias correctamente → [{"producto":"JD1-2516","existencias":3761,"apartados":0,"disponible":3761},{"producto":"JD5","existencias":139,"apartados":0,"disponible":139},{"producto":"JD20","existencias":1342,"apartados":0,"disponible":1342},{"producto":"JD20-1838","existencias":607,"apartados":0,"disponible":607}]
[2025-09-30 12:47:41] Info: Pedido 19688 19688 verificadas existencias correctamente → [{"producto":"JD1-2516","existencias":3761,"apartados":0,"disponible":3761},{"producto":"JD5","existencias":139,"apartados":0,"disponible":139},{"producto":"JD20","existencias":1342,"apartados":0,"disponible":1342},{"producto":"JD20-1838","existencias":607,"apartados":0,"disponible":607},{"producto":"AD-1825","existencias":946,"apartados":100,"disponible":846}]
[2025-09-30 12:47:41] Info: Pedido 19688 19688 verificadas existencias correctamente → [{"producto":"JD1-2516","existencias":3761,"apartados":0,"disponible":3761},{"producto":"JD5","existencias":139,"apartados":0,"disponible":139},{"producto":"JD20","existencias":1342,"apartados":0,"disponible":1342},{"producto":"JD20-1838","existencias":607,"apartados":0,"disponible":607},{"producto":"AD-1825","existencias":946,"apartados":100,"disponible":846},{"producto":"AD-1838","existencias":20,"apartados":0,"disponible":20}]
[2025-09-30 12:47:41] INFO: El pedido 19688 cuenta con las existencias necesarias → null
[2025-09-30 12:47:41] INFO: El cliente        397 maneja credico → null
[2025-09-30 12:47:41] Succes: Comanda Creada→ null
[2025-09-30 13:16:12] INFO: El cliente        622 realizo la accion → null
[2025-09-30 13:16:12] Advertencia: Confirmacion Repetida de  19666 → null
[2025-09-30 13:37:15] INFO: El cliente         24 realizo la accion → null
[2025-09-30 13:37:15] Advertencia: Confirmacion Repetida de  19588 → null
[2025-09-30 13:37:23] INFO: El cliente         24 realizo la accion → null
[2025-09-30 13:37:23] Info: Pedido 19698 19698 verificadas existencias correctamente → []
[2025-09-30 13:37:23] INFO: El pedido 19698 cuenta con las existencias necesarias → null
[2025-09-30 13:37:23] INFO: El cliente         24 maneja credico → null
[2025-09-30 13:37:23] Succes: Comanda Creada→ null
[2025-09-30 13:47:07] INFO: El cliente         24 realizo la accion → null
[2025-09-30 13:47:07] Advertencia: Confirmacion Repetida de  19698 → null
[2025-09-30 13:47:14] INFO: El cliente         24 realizo la accion → null
[2025-09-30 13:47:14] Advertencia: Confirmacion Repetida de  19698 → null
[2025-09-30 15:26:37] INFO: El cliente         24 realizo la accion → null
[2025-09-30 15:26:37] Info: Pedido 19700 19700 verificadas existencias correctamente → []
[2025-09-30 15:26:37] INFO: El pedido 19700 cuenta con las existencias necesarias → null
[2025-09-30 15:26:37] INFO: El cliente         24 maneja credico → null
[2025-09-30 15:26:38] Succes: Comanda Creada→ null
[2025-10-01 11:17:38] INFO: El cliente        498 realizo la accion → null
[2025-10-01 11:17:39] Info: Pedido 19702 19702 verificadas existencias correctamente → []
[2025-10-01 11:17:39] Info: Pedido 19702 19702 verificadas existencias correctamente → [{"producto":"JD1-2516","existencias":3713,"apartados":0,"disponible":3713}]
[2025-10-01 11:17:39] Info: Pedido 19702 19702 verificadas existencias correctamente → [{"producto":"JD1-2516","existencias":3713,"apartados":0,"disponible":3713},{"producto":"JD3-2132","existencias":1221,"apartados":0,"disponible":1221}]
[2025-10-01 11:17:39] Info: Pedido 19702 19702 verificadas existencias correctamente → [{"producto":"JD1-2516","existencias":3713,"apartados":0,"disponible":3713},{"producto":"JD3-2132","existencias":1221,"apartados":0,"disponible":1221},{"producto":"JD5-2132","existencias":1077,"apartados":0,"disponible":1077}]
[2025-10-01 11:17:39] Info: Pedido 19702 19702 verificadas existencias correctamente → [{"producto":"JD1-2516","existencias":3713,"apartados":0,"disponible":3713},{"producto":"JD3-2132","existencias":1221,"apartados":0,"disponible":1221},{"producto":"JD5-2132","existencias":1077,"apartados":0,"disponible":1077},{"producto":"JD10-2132","existencias":738,"apartados":0,"disponible":738}]
[2025-10-01 11:17:39] Info: Pedido 19702 19702 verificadas existencias correctamente → [{"producto":"JD1-2516","existencias":3713,"apartados":0,"disponible":3713},{"producto":"JD3-2132","existencias":1221,"apartados":0,"disponible":1221},{"producto":"JD5-2132","existencias":1077,"apartados":0,"disponible":1077},{"producto":"JD10-2132","existencias":738,"apartados":0,"disponible":738},{"producto":"AD-2516","existencias":413,"apartados":0,"disponible":413}]
[2025-10-01 11:17:39] Info: Pedido 19702 19702 verificadas existencias correctamente → [{"producto":"JD1-2516","existencias":3713,"apartados":0,"disponible":3713},{"producto":"JD3-2132","existencias":1221,"apartados":0,"disponible":1221},{"producto":"JD5-2132","existencias":1077,"apartados":0,"disponible":1077},{"producto":"JD10-2132","existencias":738,"apartados":0,"disponible":738},{"producto":"AD-2516","existencias":413,"apartados":0,"disponible":413},{"producto":"AD-2132","existencias":244,"apartados":0,"disponible":244}]
[2025-10-01 11:17:39] INFO: El pedido 19702 cuenta con las existencias necesarias → null
[2025-10-01 11:17:39] INFO: El cliente        498 maneja credico → null
[2025-10-01 11:17:39] Succes: Comanda Creada→ null
[2025-10-01 11:17:49] INFO: El cliente        498 realizo la accion → null
[2025-10-01 11:17:49] Advertencia: Confirmacion Repetida de  19702 → null
[2025-10-01 11:18:32] INFO: El cliente        498 realizo la accion → null
[2025-10-01 11:18:32] Info: Pedido 19703 19703 verificadas existencias correctamente → []
[2025-10-01 11:18:32] INFO: El pedido 19703 cuenta con las existencias necesarias → null
[2025-10-01 11:18:32] INFO: El cliente        498 maneja credico → null
[2025-10-01 11:18:32] Succes: Comanda Creada→ null
[2025-10-01 11:48:06] INFO: El cliente        498 realizo la accion → null
[2025-10-01 11:48:06] Advertencia: Confirmacion Repetida de  19703 → null
[2025-10-01 12:46:53] INFO: El cliente        499 realizo la accion → null
[2025-10-01 12:46:53] Info: Pedido 19701 19701 verificadas existencias correctamente → []
[2025-10-01 12:46:53] Info: Pedido 19701 19701 verificadas existencias correctamente → [{"producto":"AD-1813","existencias":406,"apartados":0,"disponible":406}]
[2025-10-01 12:46:53] Info: Pedido 19701 19701 verificadas existencias correctamente → [{"producto":"AD-1813","existencias":406,"apartados":0,"disponible":406},{"producto":"GP","existencias":82,"apartados":0,"disponible":82}]
[2025-10-01 12:46:53] INFO: El pedido 19701 cuenta con las existencias necesarias → null
[2025-10-01 12:46:53] INFO: El cliente        499 maneja credico → null
[2025-10-01 12:46:53] Succes: Comanda Creada→ null
[2025-10-02 10:00:14] INFO: El cliente        798 realizo la accion → null
[2025-10-02 10:00:14] Info: Pedido 19705 19705 verificadas existencias correctamente → []
[2025-10-02 10:00:14] Info: Pedido 19705 19705 verificadas existencias correctamente → [{"producto":"AA-1838","existencias":105,"apartados":0,"disponible":105}]
[2025-10-02 10:00:14] Info: Pedido 19705 19705 verificadas existencias correctamente → [{"producto":"AA-1838","existencias":105,"apartados":0,"disponible":105},{"producto":"AD-1825","existencias":871,"apartados":70,"disponible":801}]
[2025-10-02 10:00:14] Info: Pedido 19705 19705 verificadas existencias correctamente → [{"producto":"AA-1838","existencias":105,"apartados":0,"disponible":105},{"producto":"AD-1825","existencias":871,"apartados":70,"disponible":801},{"producto":"JD20","existencias":1334,"apartados":0,"disponible":1334}]
[2025-10-02 10:00:14] Info: Pedido 19705 19705 verificadas existencias correctamente → [{"producto":"AA-1838","existencias":105,"apartados":0,"disponible":105},{"producto":"AD-1825","existencias":871,"apartados":70,"disponible":801},{"producto":"JD20","existencias":1334,"apartados":0,"disponible":1334},{"producto":"JD10-2032","existencias":1404,"apartados":0,"disponible":1404}]
[2025-10-02 10:00:14] Info: Pedido 19705 19705 verificadas existencias correctamente → [{"producto":"AA-1838","existencias":105,"apartados":0,"disponible":105},{"producto":"AD-1825","existencias":871,"apartados":70,"disponible":801},{"producto":"JD20","existencias":1334,"apartados":0,"disponible":1334},{"producto":"JD10-2032","existencias":1404,"apartados":0,"disponible":1404},{"producto":"JD20-1838","existencias":591,"apartados":0,"disponible":591}]
[2025-10-02 10:00:14] Info: Pedido 19705 19705 verificadas existencias correctamente → [{"producto":"AA-1838","existencias":105,"apartados":0,"disponible":105},{"producto":"AD-1825","existencias":871,"apartados":70,"disponible":801},{"producto":"JD20","existencias":1334,"apartados":0,"disponible":1334},{"producto":"JD10-2032","existencias":1404,"apartados":0,"disponible":1404},{"producto":"JD20-1838","existencias":591,"apartados":0,"disponible":591},{"producto":"JD30-50","existencias":357,"apartados":0,"disponible":357}]
[2025-10-02 10:00:14] Info: Pedido 19705 19705 verificadas existencias correctamente → [{"producto":"AA-1838","existencias":105,"apartados":0,"disponible":105},{"producto":"AD-1825","existencias":871,"apartados":70,"disponible":801},{"producto":"JD20","existencias":1334,"apartados":0,"disponible":1334},{"producto":"JD10-2032","existencias":1404,"apartados":0,"disponible":1404},{"producto":"JD20-1838","existencias":591,"apartados":0,"disponible":591},{"producto":"JD30-50","existencias":357,"apartados":0,"disponible":357},{"producto":"JD3-2325","existencias":1002,"apartados":0,"disponible":1002}]
[2025-10-02 10:00:14] INFO: El pedido 19705 cuenta con las existencias necesarias → null
[2025-10-02 10:00:14] INFO: El cliente        798 maneja credico → null
[2025-10-02 10:00:14] Succes: Comanda Creada→ null
[2025-10-03 10:36:17] INFO: El cliente        103 realizo la accion → null
[2025-10-03 10:36:17] Advertencia: Pedido: 19707 Rechazado → null
[2025-10-03 10:36:17] ERROR: No se notifico al vendedor sobre el pedido 19707 → null
[2025-10-03 10:36:26] INFO: El cliente        103 realizo la accion → null
[2025-10-03 10:36:26] Advertencia: Pedido: 19707 Rechazado → null
[2025-10-03 10:36:26] ERROR: No se notifico al vendedor sobre el pedido 19707 → null
[2025-10-03 10:43:20] INFO: El cliente        103 realizo la accion → null
[2025-10-03 10:43:20] Advertencia: Pedido: 19707 Rechazado → null
[2025-10-03 10:43:20] ERROR: No se notifico al vendedor sobre el pedido 19707 → null
[2025-10-03 10:46:50] INFO: El cliente         10 realizo la accion → null
[2025-10-03 10:46:50] Info: Pedido 19708 19708 verificadas existencias correctamente → []
[2025-10-03 10:46:50] Info: Pedido 19708 19708 verificadas existencias correctamente → [{"producto":"JD1-2516","existencias":3708,"apartados":0,"disponible":3708}]
[2025-10-03 10:46:50] INFO: El pedido 19708 cuenta con las existencias necesarias → null
[2025-10-03 10:46:50] INFO: El cliente         10 maneja credico → null
[2025-10-03 10:46:51] Succes: Comanda Creada→ null
[2025-10-03 10:51:36] INFO: El cliente         10 realizo la accion → null
[2025-10-03 10:51:36] Advertencia: Confirmacion Repetida de  19708 → null
[2025-10-03 11:13:55] INFO: El cliente        103 realizo la accion → null
[2025-10-03 11:13:55] Info: Pedido 19707 19707 verificadas existencias correctamente → []
[2025-10-03 11:13:55] Info: Pedido 19707 19707 verificadas existencias correctamente → [{"producto":"JD10","existencias":214,"apartados":5,"disponible":209}]
[2025-10-03 11:13:55] INFO: El pedido 19707 cuenta con las existencias necesarias → null
[2025-10-03 11:13:55] INFO: El cliente        103 maneja credico → null
[2025-10-03 11:13:55] Succes: Comanda Creada→ null
[2025-10-06 09:36:56] INFO: El cliente        328 realizo la accion → null
[2025-10-06 09:36:56] Info: Pedido 19710 19710 verificadas existencias correctamente → []
[2025-10-06 09:36:56] Info: Pedido 19710 19710 verificadas existencias correctamente → [{"producto":"EIL-CA-LP","existencias":1157,"apartados":0,"disponible":1157}]
[2025-10-06 09:36:56] Info: Pedido 19710 19710 verificadas existencias correctamente → [{"producto":"EIL-CA-LP","existencias":1157,"apartados":0,"disponible":1157},{"producto":"JD60-25","existencias":386,"apartados":0,"disponible":386}]
[2025-10-06 09:36:56] Info: Pedido 19710 19710 verificadas existencias correctamente → [{"producto":"EIL-CA-LP","existencias":1157,"apartados":0,"disponible":1157},{"producto":"JD60-25","existencias":386,"apartados":0,"disponible":386},{"producto":"JD5-2032","existencias":161,"apartados":0,"disponible":161}]
[2025-10-06 09:36:56] Info: Pedido 19710 19710 verificadas existencias correctamente → [{"producto":"EIL-CA-LP","existencias":1157,"apartados":0,"disponible":1157},{"producto":"JD60-25","existencias":386,"apartados":0,"disponible":386},{"producto":"JD5-2032","existencias":161,"apartados":0,"disponible":161},{"producto":"JD30-50","existencias":343,"apartados":0,"disponible":343}]
[2025-10-06 09:36:56] Info: Pedido 19710 19710 verificadas existencias correctamente → [{"producto":"EIL-CA-LP","existencias":1157,"apartados":0,"disponible":1157},{"producto":"JD60-25","existencias":386,"apartados":0,"disponible":386},{"producto":"JD5-2032","existencias":161,"apartados":0,"disponible":161},{"producto":"JD30-50","existencias":343,"apartados":0,"disponible":343},{"producto":"JD3-2325","existencias":992,"apartados":0,"disponible":992}]
[2025-10-06 09:36:56] Info: Pedido 19710 19710 verificadas existencias correctamente → [{"producto":"EIL-CA-LP","existencias":1157,"apartados":0,"disponible":1157},{"producto":"JD60-25","existencias":386,"apartados":0,"disponible":386},{"producto":"JD5-2032","existencias":161,"apartados":0,"disponible":161},{"producto":"JD30-50","existencias":343,"apartados":0,"disponible":343},{"producto":"JD3-2325","existencias":992,"apartados":0,"disponible":992},{"producto":"JD3-2032","existencias":557,"apartados":5,"disponible":552}]
[2025-10-06 09:36:56] Info: Pedido 19710 19710 verificadas existencias correctamente → [{"producto":"EIL-CA-LP","existencias":1157,"apartados":0,"disponible":1157},{"producto":"JD60-25","existencias":386,"apartados":0,"disponible":386},{"producto":"JD5-2032","existencias":161,"apartados":0,"disponible":161},{"producto":"JD30-50","existencias":343,"apartados":0,"disponible":343},{"producto":"JD3-2325","existencias":992,"apartados":0,"disponible":992},{"producto":"JD3-2032","existencias":557,"apartados":5,"disponible":552},{"producto":"JD20","existencias":1264,"apartados":30,"disponible":1234}]
[2025-10-06 09:36:56] Info: Pedido 19710 19710 verificadas existencias correctamente → [{"producto":"EIL-CA-LP","existencias":1157,"apartados":0,"disponible":1157},{"producto":"JD60-25","existencias":386,"apartados":0,"disponible":386},{"producto":"JD5-2032","existencias":161,"apartados":0,"disponible":161},{"producto":"JD30-50","existencias":343,"apartados":0,"disponible":343},{"producto":"JD3-2325","existencias":992,"apartados":0,"disponible":992},{"producto":"JD3-2032","existencias":557,"apartados":5,"disponible":552},{"producto":"JD20","existencias":1264,"apartados":30,"disponible":1234},{"producto":"JD10-2032","existencias":1314,"apartados":20,"disponible":1294}]
[2025-10-06 09:36:56] Info: Pedido 19710 19710 verificadas existencias correctamente → [{"producto":"EIL-CA-LP","existencias":1157,"apartados":0,"disponible":1157},{"producto":"JD60-25","existencias":386,"apartados":0,"disponible":386},{"producto":"JD5-2032","existencias":161,"apartados":0,"disponible":161},{"producto":"JD30-50","existencias":343,"apartados":0,"disponible":343},{"producto":"JD3-2325","existencias":992,"apartados":0,"disponible":992},{"producto":"JD3-2032","existencias":557,"apartados":5,"disponible":552},{"producto":"JD20","existencias":1264,"apartados":30,"disponible":1234},{"producto":"JD10-2032","existencias":1314,"apartados":20,"disponible":1294},{"producto":"JD1-2516","existencias":3698,"apartados":-5,"disponible":3703}]
[2025-10-06 09:36:56] Info: Pedido 19710 19710 verificadas existencias correctamente → [{"producto":"EIL-CA-LP","existencias":1157,"apartados":0,"disponible":1157},{"producto":"JD60-25","existencias":386,"apartados":0,"disponible":386},{"producto":"JD5-2032","existencias":161,"apartados":0,"disponible":161},{"producto":"JD30-50","existencias":343,"apartados":0,"disponible":343},{"producto":"JD3-2325","existencias":992,"apartados":0,"disponible":992},{"producto":"JD3-2032","existencias":557,"apartados":5,"disponible":552},{"producto":"JD20","existencias":1264,"apartados":30,"disponible":1234},{"producto":"JD10-2032","existencias":1314,"apartados":20,"disponible":1294},{"producto":"JD1-2516","existencias":3698,"apartados":-5,"disponible":3703},{"producto":"AD-1819","existencias":20920,"apartados":10,"disponible":20910}]
[2025-10-06 09:36:56] Info: Pedido 19710 19710 verificadas existencias correctamente → [{"producto":"EIL-CA-LP","existencias":1157,"apartados":0,"disponible":1157},{"producto":"JD60-25","existencias":386,"apartados":0,"disponible":386},{"producto":"JD5-2032","existencias":161,"apartados":0,"disponible":161},{"producto":"JD30-50","existencias":343,"apartados":0,"disponible":343},{"producto":"JD3-2325","existencias":992,"apartados":0,"disponible":992},{"producto":"JD3-2032","existencias":557,"apartados":5,"disponible":552},{"producto":"JD20","existencias":1264,"apartados":30,"disponible":1234},{"producto":"JD10-2032","existencias":1314,"apartados":20,"disponible":1294},{"producto":"JD1-2516","existencias":3698,"apartados":-5,"disponible":3703},{"producto":"AD-1819","existencias":20920,"apartados":10,"disponible":20910},{"producto":"AD-1813","existencias":405,"apartados":60,"disponible":345}]
[2025-10-06 09:36:56] Info: Pedido 19710 19710 verificadas existencias correctamente → [{"producto":"EIL-CA-LP","existencias":1157,"apartados":0,"disponible":1157},{"producto":"JD60-25","existencias":386,"apartados":0,"disponible":386},{"producto":"JD5-2032","existencias":161,"apartados":0,"disponible":161},{"producto":"JD30-50","existencias":343,"apartados":0,"disponible":343},{"producto":"JD3-2325","existencias":992,"apartados":0,"disponible":992},{"producto":"JD3-2032","existencias":557,"apartados":5,"disponible":552},{"producto":"JD20","existencias":1264,"apartados":30,"disponible":1234},{"producto":"JD10-2032","existencias":1314,"apartados":20,"disponible":1294},{"producto":"JD1-2516","existencias":3698,"apartados":-5,"disponible":3703},{"producto":"AD-1819","existencias":20920,"apartados":10,"disponible":20910},{"producto":"AD-1813","existencias":405,"apartados":60,"disponible":345},{"producto":"AD-1825","existencias":861,"apartados":130,"disponible":731}]
[2025-10-06 09:36:56] Info: Pedido 19710 19710 verificadas existencias correctamente → [{"producto":"EIL-CA-LP","existencias":1157,"apartados":0,"disponible":1157},{"producto":"JD60-25","existencias":386,"apartados":0,"disponible":386},{"producto":"JD5-2032","existencias":161,"apartados":0,"disponible":161},{"producto":"JD30-50","existencias":343,"apartados":0,"disponible":343},{"producto":"JD3-2325","existencias":992,"apartados":0,"disponible":992},{"producto":"JD3-2032","existencias":557,"apartados":5,"disponible":552},{"producto":"JD20","existencias":1264,"apartados":30,"disponible":1234},{"producto":"JD10-2032","existencias":1314,"apartados":20,"disponible":1294},{"producto":"JD1-2516","existencias":3698,"apartados":-5,"disponible":3703},{"producto":"AD-1819","existencias":20920,"apartados":10,"disponible":20910},{"producto":"AD-1813","existencias":405,"apartados":60,"disponible":345},{"producto":"AD-1825","existencias":861,"apartados":130,"disponible":731},{"producto":"AD-1619","existencias":264,"apartados":0,"disponible":264}]
[2025-10-06 09:36:56] INFO: El pedido 19710 cuenta con las existencias necesarias → null
[2025-10-06 09:36:56] INFO: El cliente        328 maneja credico → null
[2025-10-06 09:36:58] Succes: Comanda Creada→ null
[2025-10-06 09:46:59] INFO: El cliente        867 realizo la accion → null
[2025-10-06 09:46:59] Info: Pedido 19712 19712 verificadas existencias correctamente → []
[2025-10-06 09:46:59] Info: Pedido 19712 19712 verificadas existencias correctamente → [{"producto":"AD-1613","existencias":1464,"apartados":0,"disponible":1464}]
[2025-10-06 09:46:59] Info: Pedido 19712 19712 verificadas existencias correctamente → [{"producto":"AD-1613","existencias":1464,"apartados":0,"disponible":1464},{"producto":"AD-1825","existencias":781,"apartados":70,"disponible":711}]
[2025-10-06 09:46:59] Info: Pedido 19712 19712 verificadas existencias correctamente → [{"producto":"AD-1613","existencias":1464,"apartados":0,"disponible":1464},{"producto":"AD-1825","existencias":781,"apartados":70,"disponible":711},{"producto":"AD-1813","existencias":355,"apartados":0,"disponible":355}]
[2025-10-06 09:46:59] Info: Pedido 19712 19712 verificadas existencias correctamente → [{"producto":"AD-1613","existencias":1464,"apartados":0,"disponible":1464},{"producto":"AD-1825","existencias":781,"apartados":70,"disponible":711},{"producto":"AD-1813","existencias":355,"apartados":0,"disponible":355},{"producto":"AD-1819","existencias":20910,"apartados":0,"disponible":20910}]
[2025-10-06 09:46:59] Info: Pedido 19712 19712 verificadas existencias correctamente → [{"producto":"AD-1613","existencias":1464,"apartados":0,"disponible":1464},{"producto":"AD-1825","existencias":781,"apartados":70,"disponible":711},{"producto":"AD-1813","existencias":355,"apartados":0,"disponible":355},{"producto":"AD-1819","existencias":20910,"apartados":0,"disponible":20910},{"producto":"JD20","existencias":1251,"apartados":0,"disponible":1251}]
[2025-10-06 09:46:59] Info: Pedido 19712 19712 verificadas existencias correctamente → [{"producto":"AD-1613","existencias":1464,"apartados":0,"disponible":1464},{"producto":"AD-1825","existencias":781,"apartados":70,"disponible":711},{"producto":"AD-1813","existencias":355,"apartados":0,"disponible":355},{"producto":"AD-1819","existencias":20910,"apartados":0,"disponible":20910},{"producto":"JD20","existencias":1251,"apartados":0,"disponible":1251},{"producto":"JD5-2132","existencias":1074,"apartados":0,"disponible":1074}]
[2025-10-06 09:46:59] Info: Pedido 19712 19712 verificadas existencias correctamente → [{"producto":"AD-1613","existencias":1464,"apartados":0,"disponible":1464},{"producto":"AD-1825","existencias":781,"apartados":70,"disponible":711},{"producto":"AD-1813","existencias":355,"apartados":0,"disponible":355},{"producto":"AD-1819","existencias":20910,"apartados":0,"disponible":20910},{"producto":"JD20","existencias":1251,"apartados":0,"disponible":1251},{"producto":"JD5-2132","existencias":1074,"apartados":0,"disponible":1074},{"producto":"JD10-2032","existencias":1307,"apartados":0,"disponible":1307}]
[2025-10-06 09:46:59] Info: Pedido 19712 19712 verificadas existencias correctamente → [{"producto":"AD-1613","existencias":1464,"apartados":0,"disponible":1464},{"producto":"AD-1825","existencias":781,"apartados":70,"disponible":711},{"producto":"AD-1813","existencias":355,"apartados":0,"disponible":355},{"producto":"AD-1819","existencias":20910,"apartados":0,"disponible":20910},{"producto":"JD20","existencias":1251,"apartados":0,"disponible":1251},{"producto":"JD5-2132","existencias":1074,"apartados":0,"disponible":1074},{"producto":"JD10-2032","existencias":1307,"apartados":0,"disponible":1307},{"producto":"JD3-2232","existencias":772,"apartados":0,"disponible":772}]
[2025-10-06 09:46:59] INFO: El pedido 19712 cuenta con las existencias necesarias → null
[2025-10-06 09:46:59] Succes: Se encontro datos de pago → null
[2025-10-06 09:46:59] Succes: dato encontrado → null
[2025-10-06 10:13:53] INFO: El cliente        776 realizo la accion → null
[2025-10-06 10:13:54] Info: Pedido 19713 19713 verificadas existencias correctamente → []
[2025-10-06 10:13:54] Info: Pedido 19713 19713 verificadas existencias correctamente → [{"producto":"AD-1613","existencias":1464,"apartados":20,"disponible":1444}]
[2025-10-06 10:13:54] Info: Pedido 19713 19713 verificadas existencias correctamente → [{"producto":"AD-1613","existencias":1464,"apartados":20,"disponible":1444},{"producto":"JD5-2032","existencias":146,"apartados":0,"disponible":146}]
[2025-10-06 10:13:54] INFO: El pedido 19713 cuenta con las existencias necesarias → null
[2025-10-06 10:13:54] INFO: El cliente        776 maneja credico → null
[2025-10-06 10:13:54] Succes: Comanda Creada→ null
[2025-10-06 11:58:47] INFO: El cliente        871 realizo la accion → null
[2025-10-06 11:58:47] Info: Pedido 19714 19714 verificadas existencias correctamente → []
[2025-10-06 11:58:47] Info: Pedido 19714 19714 verificadas existencias correctamente → [{"producto":"JD20","existencias":1221,"apartados":0,"disponible":1221}]
[2025-10-06 11:58:47] Info: Pedido 19714 19714 verificadas existencias correctamente → [{"producto":"JD20","existencias":1221,"apartados":0,"disponible":1221},{"producto":"JD10-2032","existencias":1287,"apartados":0,"disponible":1287}]
[2025-10-06 11:58:47] Info: Pedido 19714 19714 verificadas existencias correctamente → [{"producto":"JD20","existencias":1221,"apartados":0,"disponible":1221},{"producto":"JD10-2032","existencias":1287,"apartados":0,"disponible":1287},{"producto":"JD3-2325","existencias":985,"apartados":0,"disponible":985}]
[2025-10-06 11:58:47] Info: Pedido 19714 19714 verificadas existencias correctamente → [{"producto":"JD20","existencias":1221,"apartados":0,"disponible":1221},{"producto":"JD10-2032","existencias":1287,"apartados":0,"disponible":1287},{"producto":"JD3-2325","existencias":985,"apartados":0,"disponible":985},{"producto":"AD-1825","existencias":721,"apartados":70,"disponible":651}]
[2025-10-06 11:58:47] Info: Pedido 19714 19714 verificadas existencias correctamente → [{"producto":"JD20","existencias":1221,"apartados":0,"disponible":1221},{"producto":"JD10-2032","existencias":1287,"apartados":0,"disponible":1287},{"producto":"JD3-2325","existencias":985,"apartados":0,"disponible":985},{"producto":"AD-1825","existencias":721,"apartados":70,"disponible":651},{"producto":"AD-1819","existencias":20900,"apartados":0,"disponible":20900}]
[2025-10-06 11:58:47] Info: Pedido 19714 19714 verificadas existencias correctamente → [{"producto":"JD20","existencias":1221,"apartados":0,"disponible":1221},{"producto":"JD10-2032","existencias":1287,"apartados":0,"disponible":1287},{"producto":"JD3-2325","existencias":985,"apartados":0,"disponible":985},{"producto":"AD-1825","existencias":721,"apartados":70,"disponible":651},{"producto":"AD-1819","existencias":20900,"apartados":0,"disponible":20900},{"producto":"AR-1719","existencias":42,"apartados":0,"disponible":42}]
[2025-10-06 11:58:47] INFO: El pedido 19714 cuenta con las existencias necesarias → null
[2025-10-06 11:58:47] INFO: El cliente        871 maneja credico → null
[2025-10-06 11:58:47] Succes: Comanda Creada→ null
[2025-10-06 12:50:37] INFO: El cliente        504 realizo la accion → null
[2025-10-06 12:50:37] Info: Pedido 19717 19717 verificadas existencias correctamente → []
[2025-10-06 12:50:37] INFO: El pedido 19717 cuenta con las existencias necesarias → null
[2025-10-06 12:50:37] INFO: El cliente        504 maneja credico → null
[2025-10-06 12:50:37] Succes: Comanda Creada→ null
[2025-10-06 13:38:59] INFO: El cliente        825 realizo la accion → null
[2025-10-06 13:38:59] Info: Pedido 19716 19716 verificadas existencias correctamente → []
[2025-10-06 13:38:59] Info: Pedido 19716 19716 verificadas existencias correctamente → [{"producto":"VA5-ROS","existencias":100,"apartados":0,"disponible":100}]
[2025-10-06 13:38:59] Info: Pedido 19716 19716 verificadas existencias correctamente → [{"producto":"VA5-ROS","existencias":100,"apartados":0,"disponible":100},{"producto":"VA5-NRJ","existencias":137,"apartados":0,"disponible":137}]
[2025-10-06 13:38:59] INFO: El pedido 19716 cuenta con las existencias necesarias → null
[2025-10-06 13:38:59] INFO: El cliente        825 maneja credico → null
[2025-10-06 13:38:59] Succes: Comanda Creada→ null
[2025-10-06 13:40:27] INFO: El cliente        825 realizo la accion → null
[2025-10-06 13:40:27] Advertencia: Confirmacion Repetida de  19716 → null
[2025-10-10 08:54:42] INFO: El cliente        879 realizo la accion → null
[2025-10-10 08:54:44] Info: Pedido 19186 19186 verificadas existencias correctamente → []
[2025-10-10 08:54:44] Info: Pedido 19186 19186 verificadas existencias correctamente → [{"producto":"JD3-2032","existencias":1402,"apartados":0,"disponible":1402}]
[2025-10-10 08:54:44] Info: Pedido 19186 19186 verificadas existencias correctamente → [{"producto":"JD3-2032","existencias":1402,"apartados":0,"disponible":1402},{"producto":"JD3-2325","existencias":3596,"apartados":3,"disponible":3593}]
[2025-10-10 08:54:44] Info: Pedido 19186 19186 verificadas existencias correctamente → [{"producto":"JD3-2032","existencias":1402,"apartados":0,"disponible":1402},{"producto":"JD3-2325","existencias":3596,"apartados":3,"disponible":3593},{"producto":"JD60-25","existencias":638,"apartados":2,"disponible":636}]
[2025-10-10 08:54:44] INFO: El pedido 19186 cuenta con las existencias necesarias → null
[2025-10-10 08:54:44] INFO: El cliente        879 maneja credico → null
[2025-10-10 08:54:46] Succes: Comanda Creada→ null
[2025-10-10 08:54:58] INFO: Actualizando estus del pedido → null
[2025-10-10 08:54:58] SUCCES: Estado del pedido 19186 actualizado → null
[2025-10-10 12:21:47] INFO: El cliente        879 realizo la accion → null
[2025-10-10 12:21:48] ERROR:El pedido: 19191 se cancelo null
[2025-10-10 12:29:36] INFO: El cliente        879 realizo la accion → null
[2025-10-10 12:30:00] Advertencia: Pedido 19192 19192 sin existencias AA-1819 → []
[2025-10-10 12:30:00] Info: Pedido 19192 19192 verificadas existencias correctamente → []
[2025-10-10 12:30:02] Advertencia: Pedido: 19192 sin existencias → null
[2025-10-10 12:33:10] INFO: El cliente        879 realizo la accion → null
[2025-10-10 12:33:13] Info: Pedido 19192 19192 verificadas existencias correctamente → []
[2025-10-10 12:33:13] Info: Pedido 19192 19192 verificadas existencias correctamente → [{"producto":"AA-1819","existencias":12,"apartados":11,"disponible":1}]
[2025-10-10 12:33:13] INFO: El pedido 19192 cuenta con las existencias necesarias → null
[2025-10-10 12:33:13] INFO: El cliente        879 maneja credico → null
[2025-10-10 12:33:15] Succes: Comanda Creada→ null
[2025-10-10 12:33:15] INFO: Creacion de la Remision null
[2025-10-10 12:33:15] INFO: Inicio de la Remision null
[2025-10-10 12:33:22] INFO: Actualizando estus del pedido → null
[2025-10-10 12:33:22] SUCCES: Estado del pedido 19192 actualizado → null
[2025-10-10 12:35:25] INFO: El cliente        879 realizo la accion → null
[2025-10-10 12:35:25] Advertencia: Confirmacion Repetida de  19192 → null
[2025-10-10 12:37:18] INFO: El cliente  realizo la accion → null
[2025-10-10 12:37:20] Advertencia: Pedido: 19193 Rechazado → null
[2025-10-10 12:37:21] ERROR: No se notifico al vendedor sobre el pedido 19193 → null
[2025-10-10 12:37:54] INFO: El cliente  realizo la accion → null
[2025-10-10 12:37:56] Advertencia: Pedido: 19193 Rechazado → null
[2025-10-10 12:37:56] ERROR: No se notifico al vendedor sobre el pedido 19193 → null
[2025-10-10 12:41:28] INFO: El cliente        880 realizo la accion → null
[2025-10-10 12:41:31] Info: Pedido 19194 19194 verificadas existencias correctamente → []
[2025-10-10 12:41:31] Info: Pedido 19194 19194 verificadas existencias correctamente → [{"producto":"AD-1819","existencias":24997,"apartados":80,"disponible":24917}]
[2025-10-10 12:41:31] INFO: El pedido 19194 cuenta con las existencias necesarias → null
[2025-10-10 12:41:32] Succes: Se encontro datos de pago → null
[2025-10-10 12:41:32] Succes: dato encontrado → null
[2025-10-10 12:43:52] INFO: El cliente  realizo la accion → null
[2025-10-10 12:43:54] Advertencia: Pedido: 19195 Rechazado → null
[2025-10-10 12:43:54] ERROR: No se notifico al vendedor sobre el pedido 19195 → null
[2025-10-10 12:46:49] INFO: El cliente  realizo la accion → null
[2025-10-10 12:46:51] Advertencia: Pedido: 19195 Rechazado → null
[2025-10-10 12:46:52] ERROR: No se notifico al vendedor sobre el pedido 19195 → null
[2025-10-10 12:47:10] INFO: El cliente        880 realizo la accion → null
[2025-10-10 12:47:13] Info: Pedido 19195 19195 verificadas existencias correctamente → []
[2025-10-10 12:47:13] INFO: El pedido 19195 cuenta con las existencias necesarias → null
[2025-10-10 12:47:13] Succes: Se encontro datos de pago → null
[2025-10-10 12:47:13] Succes: dato encontrado → null
[2025-10-10 12:48:02] INFO: El cliente        880 realizo la accion → null
[2025-10-10 12:48:03] Info: Pedido 19195 19195 verificadas existencias correctamente → []
[2025-10-10 12:48:03] INFO: El pedido 19195 cuenta con las existencias necesarias → null
[2025-10-10 12:48:04] Succes: Se encontro datos de pago → null
[2025-10-10 12:48:04] Succes: dato encontrado → null
[2025-10-10 12:48:04] Succes: Pedido 19195 aceptado y esperando el pago → null
[2025-10-10 14:02:15] INFO: El cliente  realizo la accion → null
[2025-10-10 14:02:17] Advertencia: Pedido: 19195 Rechazado → null
[2025-10-10 14:02:17] ERROR: No se notifico al vendedor sobre el pedido 19195 → null
[2025-10-10 14:05:36] INFO: El cliente  realizo la accion → null
[2025-10-10 14:05:38] Advertencia: Pedido: 19195 Rechazado → null
[2025-10-10 14:05:38] ERROR: No se notifico al vendedor sobre el pedido 19195 → null
[2025-10-10 14:05:56] INFO: El cliente  realizo la accion → null
[2025-10-10 14:05:57] Advertencia: Pedido: 19195 Rechazado → null
[2025-10-10 14:05:57] ERROR: No se notifico al vendedor sobre el pedido 19195 → null
[2025-10-10 14:20:52] INFO: El cliente  realizo la accion → null
[2025-10-10 14:20:54] Advertencia: Pedido: 19195 Rechazado → null
[2025-10-10 14:20:54] ERROR: No se notifico al vendedor sobre el pedido 19195 → null
[2025-10-10 14:21:47] INFO: El cliente  realizo la accion → null
[2025-10-10 14:21:48] Advertencia: Pedido: 19195 Rechazado → null
[2025-10-10 14:21:49] ERROR: No se notifico al vendedor sobre el pedido 19195 → null
[2025-10-10 14:22:51] INFO: El cliente  realizo la accion → null
[2025-10-10 14:22:52] Advertencia: Pedido: 19195 Rechazado → null
[2025-10-10 14:22:53] ERROR: No se notifico al vendedor sobre el pedido 19195 → null
[2025-10-10 14:23:55] INFO: El cliente  realizo la accion → null
[2025-10-10 14:23:56] Advertencia: Pedido: 19195 Rechazado → null
[2025-10-10 14:23:57] ERROR: No se notifico al vendedor sobre el pedido 19195 → null
[2025-10-10 14:24:51] INFO: El cliente  realizo la accion → null
[2025-10-10 14:24:52] Advertencia: Pedido: 19195 Rechazado → null
[2025-10-10 14:24:53] Advertencia: Se le notifico al vendedor sobre el pedido 19195 → null
