[2025-08-07 17:05:18] Succes: Buscando pago del pedido: 19358 null
[2025-08-07 17:05:18] Succes: Pedido: 19358 en tiempo null
[2025-08-07 17:05:18] Succes: Pedido: 19358 con importe 4978.75, con una cuenta de 0.01  null
[2025-08-07 17:05:18] Succes: Pedido: 19358 no pagado null
[2025-08-07 17:05:19] Succes: Buscando pago del pedido: 19366 null
[2025-08-07 17:05:19] Succes: Pedido: 19366 en tiempo null
[2025-08-07 17:05:19] Succes: Pedido: 19366 con importe 7850.32, con una cuenta de 0.01  null
[2025-08-07 17:05:19] Succes: Pedido: 19366 no pagado null
[2025-08-07 17:05:20] Succes: Buscando pago del pedido: 19399 null
[2025-08-07 17:05:20] Succes: Pedido: 19399 en tiempo null
[2025-08-07 17:05:20] Succes: Pedido: 19399 con importe 17290.12, con una cuenta de 0  {"type":2,"message":"Trying to access array offset on value of type null","file":"C:\\xampp\\htdocs\\MDConnecta\\Servidor\\PHP\\verificarPago.php","line":120}
[2025-08-07 17:05:20] Succes: Pedido: 19399 no pagado {"type":2,"message":"Trying to access array offset on value of type null","file":"C:\\xampp\\htdocs\\MDConnecta\\Servidor\\PHP\\verificarPago.php","line":120}
[2025-08-07 17:05:21] Succes: Buscando pago del pedido: 19383 {"type":2,"message":"Trying to access array offset on value of type null","file":"C:\\xampp\\htdocs\\MDConnecta\\Servidor\\PHP\\verificarPago.php","line":120}
[2025-08-07 17:05:21] ERROR:El pago del pedido: 19383 se vencio {"type":2,"message":"Trying to access array offset on value of type null","file":"C:\\xampp\\htdocs\\MDConnecta\\Servidor\\PHP\\verificarPago.php","line":120}
[2025-08-07 17:05:21] Succes: Liberando existencias del pedido: 19383 {"type":2,"message":"Trying to access array offset on value of type null","file":"C:\\xampp\\htdocs\\MDConnecta\\Servidor\\PHP\\verificarPago.php","line":120}
[2025-08-08 10:49:19] Succes: Buscando pago del pedido: 19358 null
[2025-08-08 10:49:19] Succes: Pedido: 19358 en tiempo null
[2025-08-08 10:49:19] Succes: Pedido: 19358 con importe 4978.75, con una cuenta de 0.01  null
[2025-08-08 10:49:19] Succes: Pedido: 19358 no pagado null
[2025-08-08 10:49:19] Succes: Buscando pago del pedido: 19366 null
[2025-08-08 10:49:19] Succes: Pedido: 19366 en tiempo null
[2025-08-08 10:49:19] Succes: Pedido: 19366 con importe 7850.32, con una cuenta de 0.01  null
[2025-08-08 10:49:19] Succes: Pedido: 19366 no pagado null
[2025-08-08 10:49:20] Succes: Buscando pago del pedido: 19399 null
[2025-08-08 10:49:20] Succes: Pedido: 19399 en tiempo null
[2025-08-08 10:49:20] Succes: Pedido: 19399 con importe 17290.12, con una cuenta de 0  {"type":2,"message":"Trying to access array offset on value of type null","file":"C:\\xampp\\htdocs\\MDConnecta\\Servidor\\PHP\\verificarPago.php","line":120}
[2025-08-08 10:49:20] Succes: Pedido: 19399 no pagado {"type":2,"message":"Trying to access array offset on value of type null","file":"C:\\xampp\\htdocs\\MDConnecta\\Servidor\\PHP\\verificarPago.php","line":120}
[2025-08-08 10:49:21] Succes: Buscando pago del pedido: 19383 {"type":2,"message":"Trying to access array offset on value of type null","file":"C:\\xampp\\htdocs\\MDConnecta\\Servidor\\PHP\\verificarPago.php","line":120}
[2025-08-08 10:49:21] ERROR:El pago del pedido: 19383 se vencio {"type":2,"message":"Trying to access array offset on value of type null","file":"C:\\xampp\\htdocs\\MDConnecta\\Servidor\\PHP\\verificarPago.php","line":120}
[2025-08-08 10:49:21] Succes: Liberando existencias del pedido: 19383 {"type":2,"message":"Trying to access array offset on value of type null","file":"C:\\xampp\\htdocs\\MDConnecta\\Servidor\\PHP\\verificarPago.php","line":120}
[2025-08-08 10:52:48] Succes: Buscando pago del pedido: 19439 null
[2025-08-08 10:52:48] Succes: Pedido: 19439 en tiempo null
[2025-08-08 10:52:49] Succes: Pedido: 19439 con importe 24021.02, con una cuenta de 1953.15  null
[2025-08-08 10:52:49] Succes: Pedido: 19439 no pagado null
[2025-08-08 10:52:49] Succes: Buscando pago del pedido: 19394 null
[2025-08-08 10:52:49] Succes: Pedido: 19394 en tiempo null
[2025-08-08 10:52:49] Succes: Pedido: 19394 con importe 17290.1, con una cuenta de 0  {"type":2,"message":"Trying to access array offset on value of type null","file":"C:\\xampp\\htdocs\\MDConnecta\\Servidor\\PHP\\verificarPago.php","line":120}
[2025-08-08 10:52:49] Succes: Pedido: 19394 no pagado {"type":2,"message":"Trying to access array offset on value of type null","file":"C:\\xampp\\htdocs\\MDConnecta\\Servidor\\PHP\\verificarPago.php","line":120}
[2025-08-08 10:52:50] Succes: Buscando pago del pedido: 19453 {"type":2,"message":"Trying to access array offset on value of type null","file":"C:\\xampp\\htdocs\\MDConnecta\\Servidor\\PHP\\verificarPago.php","line":120}
[2025-08-08 10:52:50] Succes: Pedido: 19453 en tiempo {"type":2,"message":"Trying to access array offset on value of type null","file":"C:\\xampp\\htdocs\\MDConnecta\\Servidor\\PHP\\verificarPago.php","line":120}
[2025-08-08 10:52:50] Succes: Pedido: 19453 con importe 5543.99, con una cuenta de 5543.99  {"type":2,"message":"Trying to access array offset on value of type null","file":"C:\\xampp\\htdocs\\MDConnecta\\Servidor\\PHP\\verificarPago.php","line":120}
[2025-08-08 10:52:50] Succes: Pedido: 19453 pagado {"type":2,"message":"Trying to access array offset on value of type null","file":"C:\\xampp\\htdocs\\MDConnecta\\Servidor\\PHP\\verificarPago.php","line":120}
[2025-08-08 10:52:50] Succes: Pago: 19453 cambio de estatus {"type":2,"message":"Trying to access array offset on value of type null","file":"C:\\xampp\\htdocs\\MDConnecta\\Servidor\\PHP\\verificarPago.php","line":120}
[2025-08-08 10:52:50] Succes: Iniciando aliminacion de pago {"type":2,"message":"Trying to access array offset on value of type null","file":"C:\\xampp\\htdocs\\MDConnecta\\Servidor\\PHP\\verificarPago.php","line":120}
[2025-08-08 10:52:51] Succes: CXC eliminada {"type":2,"message":"Trying to access array offset on value of type null","file":"C:\\xampp\\htdocs\\MDConnecta\\Servidor\\PHP\\verificarPago.php","line":120}
[2025-08-08 10:52:51] Succes: Iniciando resta de saldo {"type":2,"message":"Trying to access array offset on value of type null","file":"C:\\xampp\\htdocs\\MDConnecta\\Servidor\\PHP\\verificarPago.php","line":120}
[2025-08-08 10:52:51] Succes: Saldo actualizado correctamente del cliente        622 {"type":2,"message":"Trying to access array offset on value of type null","file":"C:\\xampp\\htdocs\\MDConnecta\\Servidor\\PHP\\verificarPago.php","line":120}
[2025-08-08 10:52:51] Succes: Iniciando la creacion de la comanda {"type":2,"message":"Trying to access array offset on value of type null","file":"C:\\xampp\\htdocs\\MDConnecta\\Servidor\\PHP\\verificarPago.php","line":120}
[2025-08-08 10:52:53] Succes: Se creo la comanda {"type":2,"message":"Trying to access array offset on value of type null","file":"C:\\xampp\\htdocs\\MDConnecta\\Servidor\\PHP\\verificarPago.php","line":120}
[2025-08-08 10:52:53] Succes: Empezando la remision {"type":2,"message":"Trying to access array offset on value of type null","file":"C:\\xampp\\htdocs\\MDConnecta\\Servidor\\PHP\\verificarPago.php","line":120}
[2025-08-08 10:52:56] Succes: Respuesta de la remision , mas informacion revisar logs de la remision {"type":2,"message":"Trying to access array offset on value of type null","file":"C:\\xampp\\htdocs\\MDConnecta\\Servidor\\PHP\\verificarPago.php","line":120}
[2025-08-08 10:52:56] Succes: Se elimino el documento de los datos del pedido {"type":2,"message":"Trying to access array offset on value of type null","file":"C:\\xampp\\htdocs\\MDConnecta\\Servidor\\PHP\\verificarPago.php","line":120}
[2025-08-08 10:52:57] Succes: Buscando pago del pedido: 19436 {"type":2,"message":"Trying to access array offset on value of type null","file":"C:\\xampp\\htdocs\\MDConnecta\\Servidor\\PHP\\verificarPago.php","line":120}
[2025-08-08 10:52:57] Succes: Pedido: 19436 en tiempo {"type":2,"message":"Trying to access array offset on value of type null","file":"C:\\xampp\\htdocs\\MDConnecta\\Servidor\\PHP\\verificarPago.php","line":120}
[2025-08-08 10:52:57] Succes: Pedido: 19436 con importe 5447.18, con una cuenta de 0  {"type":2,"message":"Trying to access array offset on value of type null","file":"C:\\xampp\\htdocs\\MDConnecta\\Servidor\\PHP\\verificarPago.php","line":120}
[2025-08-08 10:52:57] Succes: Pedido: 19436 no pagado {"type":2,"message":"Trying to access array offset on value of type null","file":"C:\\xampp\\htdocs\\MDConnecta\\Servidor\\PHP\\verificarPago.php","line":120}
[2025-08-08 10:52:57] Succes: Buscando pago del pedido: 19432 {"type":2,"message":"Trying to access array offset on value of type null","file":"C:\\xampp\\htdocs\\MDConnecta\\Servidor\\PHP\\verificarPago.php","line":120}
[2025-08-08 10:52:57] Succes: Pedido: 19432 en tiempo {"type":2,"message":"Trying to access array offset on value of type null","file":"C:\\xampp\\htdocs\\MDConnecta\\Servidor\\PHP\\verificarPago.php","line":120}
[2025-08-08 10:52:58] Succes: Pedido: 19432 con importe 37164.38, con una cuenta de 0  {"type":2,"message":"Trying to access array offset on value of type null","file":"C:\\xampp\\htdocs\\MDConnecta\\Servidor\\PHP\\verificarPago.php","line":120}
[2025-08-08 10:52:58] Succes: Pedido: 19432 no pagado {"type":2,"message":"Trying to access array offset on value of type null","file":"C:\\xampp\\htdocs\\MDConnecta\\Servidor\\PHP\\verificarPago.php","line":120}
[2025-08-08 10:52:58] Succes: Buscando pago del pedido: 19426 {"type":2,"message":"Trying to access array offset on value of type null","file":"C:\\xampp\\htdocs\\MDConnecta\\Servidor\\PHP\\verificarPago.php","line":120}
[2025-08-08 10:52:58] Succes: Pedido: 19426 en tiempo {"type":2,"message":"Trying to access array offset on value of type null","file":"C:\\xampp\\htdocs\\MDConnecta\\Servidor\\PHP\\verificarPago.php","line":120}
[2025-08-08 10:52:58] Succes: Pedido: 19426 con importe 1452.55, con una cuenta de 1452.55  {"type":2,"message":"Trying to access array offset on value of type null","file":"C:\\xampp\\htdocs\\MDConnecta\\Servidor\\PHP\\verificarPago.php","line":120}
[2025-08-08 10:52:58] Succes: Pedido: 19426 pagado {"type":2,"message":"Trying to access array offset on value of type null","file":"C:\\xampp\\htdocs\\MDConnecta\\Servidor\\PHP\\verificarPago.php","line":120}
[2025-08-08 10:52:59] Succes: Pago: 19426 cambio de estatus {"type":2,"message":"Trying to access array offset on value of type null","file":"C:\\xampp\\htdocs\\MDConnecta\\Servidor\\PHP\\verificarPago.php","line":120}
[2025-08-08 10:52:59] Succes: Iniciando aliminacion de pago {"type":2,"message":"Trying to access array offset on value of type null","file":"C:\\xampp\\htdocs\\MDConnecta\\Servidor\\PHP\\verificarPago.php","line":120}
[2025-08-08 10:52:59] Succes: CXC eliminada {"type":2,"message":"Trying to access array offset on value of type null","file":"C:\\xampp\\htdocs\\MDConnecta\\Servidor\\PHP\\verificarPago.php","line":120}
[2025-08-08 10:52:59] Succes: Iniciando resta de saldo {"type":2,"message":"Trying to access array offset on value of type null","file":"C:\\xampp\\htdocs\\MDConnecta\\Servidor\\PHP\\verificarPago.php","line":120}
[2025-08-08 10:52:59] Succes: Saldo actualizado correctamente del cliente        614 {"type":2,"message":"Trying to access array offset on value of type null","file":"C:\\xampp\\htdocs\\MDConnecta\\Servidor\\PHP\\verificarPago.php","line":120}
[2025-08-08 10:52:59] Succes: Iniciando la creacion de la comanda {"type":2,"message":"Trying to access array offset on value of type null","file":"C:\\xampp\\htdocs\\MDConnecta\\Servidor\\PHP\\verificarPago.php","line":120}
[2025-08-08 10:53:00] Succes: Se creo la comanda {"type":2,"message":"Trying to access array offset on value of type null","file":"C:\\xampp\\htdocs\\MDConnecta\\Servidor\\PHP\\verificarPago.php","line":120}
[2025-08-08 10:53:00] Succes: Empezando la remision {"type":2,"message":"Trying to access array offset on value of type null","file":"C:\\xampp\\htdocs\\MDConnecta\\Servidor\\PHP\\verificarPago.php","line":120}
[2025-08-08 10:53:01] Succes: Respuesta de la remision , mas informacion revisar logs de la remision {"type":2,"message":"Trying to access array offset on value of type null","file":"C:\\xampp\\htdocs\\MDConnecta\\Servidor\\PHP\\verificarPago.php","line":120}
[2025-08-08 10:53:02] Succes: Se elimino el documento de los datos del pedido {"type":2,"message":"Trying to access array offset on value of type null","file":"C:\\xampp\\htdocs\\MDConnecta\\Servidor\\PHP\\verificarPago.php","line":120}
[2025-08-08 13:17:43] Succes: Buscando pago del pedido: 115 null
[2025-08-08 13:24:45] Succes: Buscando pago del pedido: 115 null
[2025-08-08 13:24:45] INFO:El pedido: 115 tiene una remision null
[2025-08-08 15:48:08] Succes: Buscando pago del pedido: 19443 null
[2025-08-08 15:48:08] INFO:El pedido: 19443 tiene una remision null
[2025-08-08 15:50:23] Succes: Buscando pago del pedido: 19443 null
[2025-08-08 15:50:23] Succes: Pedido: 19443 en tiempo null
[2025-08-08 15:50:23] Succes: Pedido: 19443 con importe 68646.32, con una cuenta de 68646.32  null
[2025-08-08 15:50:23] Succes: Pedido: 19443 pagado null
[2025-08-08 15:50:23] Succes: Pago: 19443 cambio de estatus null
[2025-08-08 15:50:23] Succes: Iniciando aliminacion de pago null
[2025-08-08 15:50:24] Succes: CXC eliminada null
[2025-08-08 15:50:24] Succes: Iniciando resta de saldo null
[2025-08-08 15:50:24] Succes: Saldo actualizado correctamente del cliente        823 null
[2025-08-08 15:50:24] Succes: Iniciando la creacion de la comanda null
[2025-08-08 15:50:26] Succes: Se creo la comanda del pedido 19443 null
[2025-08-08 15:50:26] Succes: Empezando la remision null
[2025-08-08 15:50:31] Succes: Respuesta de la remision , mas informacion revisar logs de la remision null
[2025-08-08 15:50:31] Succes: Se elimino el documento de los datos del pedido null
[2025-08-14 12:16:10] Succes: Buscando pago del pedido: 178 null
[2025-08-14 12:16:10] Succes: Pedido: 178 en tiempo null
[2025-08-14 12:16:10] Succes: Pedido: 178 con importe 69.6, con una cuenta de 69.6  null
[2025-08-14 12:16:10] Succes: Pedido: 178 pagado null
[2025-08-14 12:16:11] Succes: Pago: 178 cambio de estatus null
[2025-08-14 12:16:11] Succes: Iniciando aliminacion de pago null
[2025-08-14 12:16:11] Succes: CXC eliminada null
[2025-08-14 12:16:11] Succes: Iniciando resta de saldo null
[2025-08-14 12:16:11] Succes: Saldo actualizado correctamente del cliente          2 null
[2025-08-14 12:16:11] Succes: Iniciando la creacion de la comanda null
[2025-08-14 12:16:12] Succes: Se creo la comanda del pedido 178 null
[2025-08-14 12:16:12] Succes: Empezando la remision null
[2025-08-14 12:16:13] Succes: Respuesta de la remision , mas informacion revisar logs de la remision null
[2025-08-14 12:16:14] Succes: Se elimino el documento de los datos del pedido null
[2025-10-09 20:51:01] ERROR:El pedido: 19182 se cancelo null
[2025-10-09 20:51:04] ERROR:El pedido: 19711 se cancelo null
[2025-10-09 20:51:07] ERROR:El pedido: 203 se cancelo null
[2025-10-09 20:51:09] ERROR:El pedido: 208 se cancelo null
[2025-10-09 20:51:10] ERROR:El pedido: 19706 se cancelo null
[2025-10-09 20:51:13] ERROR:El pedido: 19704 se cancelo null
[2025-10-09 20:51:17] ERROR:El pedido: 115 se cancelo null
[2025-10-09 20:51:20] ERROR:El pedido: 19640 se cancelo null
[2025-10-09 20:51:21] ERROR:El pedido: 19383 se cancelo null
[2025-10-09 20:51:23] ERROR:El pedido: 19546 se cancelo null
[2025-10-09 20:51:28] ERROR:El pago del pedido: 19154 se vencio null
[2025-10-09 20:51:28] Succes: Liberando existencias del pedido: 19154 null
[2025-10-09 20:51:29] Succes: Existencias liberadas exitosamente null
[2025-10-09 20:51:29] Succes: Cancelando pedido 19154 null
[2025-10-09 20:51:29] Succes: Pedido           0000019154 cancelado null
[2025-10-09 20:51:30] ERROR:El pedido: 19394 se cancelo null
[2025-10-09 20:51:31] ERROR:El pago del pedido: 19159 se vencio null
[2025-10-09 20:51:31] Succes: Liberando existencias del pedido: 19159 null
[2025-10-09 20:51:31] Succes: Existencias liberadas exitosamente null
[2025-10-09 20:51:31] Succes: Existencias liberadas exitosamente null
[2025-10-09 20:51:31] Succes: Existencias liberadas exitosamente null
[2025-10-09 20:51:31] Succes: Cancelando pedido 19159 null
[2025-10-09 20:51:32] Succes: Pedido           0000019159 cancelado null
[2025-10-09 20:51:33] ERROR:El pedido: 19623 se cancelo null
[2025-10-09 20:51:34] ERROR:El pedido: 19636 se cancelo null
[2025-10-09 20:51:35] ERROR:El pedido: 19436 se cancelo null
[2025-10-09 20:51:36] ERROR:El pedido: 19624 se cancelo null
[2025-10-09 20:51:38] ERROR:El pedido: 19488 se cancelo null
[2025-10-09 20:51:39] ERROR:El pedido: 19389 se cancelo null
[2025-10-09 20:51:41] ERROR:El pago del pedido: 19167 se vencio null
[2025-10-09 20:51:41] Succes: Liberando existencias del pedido: 19167 null
[2025-10-09 20:51:41] Succes: Existencias liberadas exitosamente null
[2025-10-09 20:51:41] Succes: Existencias liberadas exitosamente null
[2025-10-09 20:51:41] Succes: Cancelando pedido 19167 null
[2025-10-09 20:51:41] Succes: Pedido           0000019167 cancelado null
[2025-10-09 20:51:42] ERROR:El pedido: 19384 se cancelo null
[2025-10-09 20:51:43] ERROR:El pedido: 19385 se cancelo null
[2025-10-09 20:51:45] ERROR:El pago del pedido: 19158 se vencio null
[2025-10-09 20:51:45] Succes: Liberando existencias del pedido: 19158 null
[2025-10-09 20:51:45] Succes: Existencias liberadas exitosamente null
[2025-10-09 20:51:45] Succes: Existencias liberadas exitosamente null
[2025-10-09 20:51:45] Succes: Cancelando pedido 19158 null
[2025-10-09 20:51:45] Succes: Pedido           0000019158 cancelado null
[2025-10-09 20:51:46] ERROR:El pedido: 19523 se cancelo null
[2025-10-09 20:51:49] ERROR:El pedido: 19709 se cancelo null
[2025-10-09 20:51:50] ERROR:El pedido: 19481 se cancelo null
[2025-10-09 20:51:53] ERROR:El pedido: 174 se cancelo null
[2025-10-09 20:51:55] ERROR:El pago del pedido: 19153 se vencio null
[2025-10-09 20:51:55] Succes: Liberando existencias del pedido: 19153 null
[2025-10-09 20:51:55] Succes: Existencias liberadas exitosamente null
[2025-10-09 20:51:55] Succes: Cancelando pedido 19153 null
[2025-10-09 20:51:55] Succes: Pedido           0000019153 cancelado null
